2025-12-27 21:58:41.806	fine-work-echoes-fin-03:0	train:417	INFO	CLI environment prepared
2025-12-27 21:58:41.838	fine-work-echoes-fin-03:0	train:62	WARNING	You want to reset the optimizer or trainer state, but we're not loading from the checkpoint. Thesetting has no effect.
2025-12-27 21:58:41.841	fine-work-echoes-fin-03:0	train:97	INFO	Configuration:
2025-12-27 21:58:41.841	fine-work-echoes-fin-03:0	train:98	INFO	TrainConfig(run_name='OLMo-20M-tied-emb-1000', seed=6198, epoch=None, dry_run=False, model=ModelConfig(d_model=256, n_heads=8, n_kv_heads=None, clip_qkv=8.0, n_layers=8, mlp_ratio=8, mlp_hidden_size=None, activation_type='swiglu', block_type='sequential', block_group_size=1, alibi=False, alibi_bias_max=8.0, rope=True, rope_full_precision=True, rope_theta=10000, flash_attention=True, attention_dropout=0.0, multi_query_attention=False, attention_layer_norm=False, residual_dropout=0.0, embedding_dropout=0.0, embedding_layer_norm=False, layer_norm_type='default', layer_norm_with_affine=False, layer_norm_eps=1e-05, attention_layer_norm_with_affine=False, max_sequence_length=4096, include_bias=False, bias_for_layer_norm=False, scale_logits=False, vocab_size=50280, embedding_size=50304, weight_tying=True, track_embedding_gradient_provenance=True, clip_output_proj_to_embedding_grad_norm=True, output_proj_clip_window_size=5, output_proj_clip_scale_factor=0.1, embedding_grad_scale_factor=None, output_proj_grad_scale_factor=None, eos_token_id=50279, pad_token_id=1, init_device='cuda', init_fn='mitchell', init_std=0.02, init_cutoff_factor=None, precision='amp_bf16', scale_emb_init=False, emb_init_std=None, norm_after=False), optimizer=OptimizerConfig(name='adamw', learning_rate=0.0024, weight_decay=0.1, betas=(0.9, 0.95), eps=1e-08, no_decay_norm_and_bias=None, selective_updates=False, decay_norm_and_bias=True, decay_embeddings=True, metrics_log_interval=10, record_update_metrics=False), scheduler=SchedulerConfig(name='cosine_with_warmup', units='steps', t_warmup=100, t_max=None, alpha_f=0.1, grad_clip_warmup_steps=None, grad_clip_warmup_factor=None, warmup_min_lr=None), data=DataConfig(paths=['/home/vec_norm/OLMo/data/dolma_v1_7/dolma_v1_7_30B.npy'], memmap_dtype='uint16', datasets=None, label_mask_paths=None, pad_direction='right', generate_attention_mask=False, generate_doc_lengths=False, num_workers=32, drop_last=True, pin_memory=True, prefetch_factor=4, persistent_workers=True, timeout=0, seed=None, instance_filter=None, custom_dataset=None), restore_dataloader=True, fast_forward_batches=None, evaluators=[], eval_interval=500, tokenizer=TokenizerConfig(identifier='tokenizers/allenai_eleuther-ai-gpt-neox-20b-pii-special.json', truncate_direction='right'), save_folder='/home/vec_norm/OLMo/checkpoints/OLMo-20M-tied-emb-1000', remote_save_folder=None, canceled_check_interval=50, save_interval=1000, save_interval_unsharded=500, save_interval_ephemeral=None, save_num_checkpoints_to_keep=2, save_num_unsharded_checkpoints_to_keep=2, save_overwrite=True, force_save_unsharded=False, no_pre_train_checkpoint=False, load_path=None, load_path_sharded_checkpointer=None, try_load_latest_save=False, reset_optimizer_state=False, reset_trainer_state=True, sharded_checkpointer='torch_legacy', new_style_checkpoints=None, max_duration=10000, global_train_batch_size=128, device_train_batch_size=128, device_train_microbatch_size=16, device_eval_batch_size=8, eval_subset_num_batches=-1, eval_on_load=False, device_train_grad_accum=8, max_grad_norm=1.0, max_grad_norm_ratio=None, precision='amp_bf16', wandb=WandbConfig(project='VecNorm', entity='antoniolopardo', group=None, name='OLMo-20M-tied-emb-1000', tags=['grad-provenance', 'grad-scaling', 'tied'], log_artifacts=False, rank_zero_only=True, log_interval=1), speed_monitor=SpeedMonitorConfig(window_size=20, gpu_flops_available=None), console_log_interval=10, gen1_gc_interval=1, compile=None, distributed_strategy='ddp', fsdp=FSDPConfig(use_orig_params=True, sharding_strategy=<ShardingStrategy.FULL_SHARD: 1>, wrapping_strategy=None, precision='pure', hybrid_sharding_num_model_replicas=None), ddp=DDPConfig(grad_sync_mode='batch', find_unused_params=False), single=SingleGPUConfig(device='auto'), softmax_auxiliary_loss=False, auxiliary_loss_multiplier=0.0001, time_limit=None, extra_steps_after_cancel=10, early_stopping_factor=None, save_data_indices=True, python_profiling=False, torch_profiling=False, stop_at=None, stop_after=None, activation_checkpointing=None, fused_loss=None, hf_datasets_cache_dir=None, module_outputs_save_steps=None)
2025-12-27 21:58:41.842	fine-work-echoes-fin-03:0	train:105	INFO	Saving config to /home/vec_norm/OLMo/checkpoints/OLMo-20M-tied-emb-1000/config.yaml
wandb: Currently logged in as: antoniolopardo to https://api.wandb.ai. Use `wandb login --relogin` to force relogin
wandb: Tracking run with wandb version 0.23.1
wandb: Run data is saved locally in /home/vec_norm/OLMo/checkpoints/OLMo-20M-tied-emb-1000/wandb/wandb/run-20251227_215842-2l3jdizn
wandb: Run `wandb offline` to turn off syncing.
wandb: Syncing run OLMo-20M-tied-emb-1000
wandb: ⭐️ View project at https://wandb.ai/antoniolopardo/VecNorm
wandb: 🚀 View run at https://wandb.ai/antoniolopardo/VecNorm/runs/2l3jdizn
2025-12-27 21:58:45.139	fine-work-echoes-fin-03:0	olmo.data.iterable_dataset:79	INFO	Saving global data order indices...
2025-12-27 21:58:45.254	fine-work-echoes-fin-03:0	olmo.data.iterable_dataset:88	INFO	Global data order indices saved to '/home/vec_norm/OLMo/checkpoints/OLMo-20M-tied-emb-1000/train_data/global_indices.npy'
2025-12-27 21:58:45.256	fine-work-echoes-fin-03:0	py.warnings:110	WARNING	/home/vec_norm/.venv/lib/python3.12/site-packages/torch/utils/data/dataloader.py:627: UserWarning: This DataLoader will create 32 worker processes in total. Our suggested max number of worker in current system is 30, which is smaller than what this DataLoader is going to create. Please be aware that excessive worker creation might get DataLoader running slow or even freeze, lower the worker number to avoid potential slowness/freeze if necessary.
  warnings.warn(

2025-12-27 21:58:45.300	fine-work-echoes-fin-03:0	train:139	INFO	Building model...
2025-12-27 21:58:45.334	fine-work-echoes-fin-03:0	olmo.model:1399	INFO	Initializing model parameters...
2025-12-27 21:58:45.347	fine-work-echoes-fin-03:0	train:141	INFO	Total number of parameters: 21,266,432
2025-12-27 21:58:45.347	fine-work-echoes-fin-03:0	train:142	INFO	Number of non-embedding parameters: 8,388,608
2025-12-27 21:58:45.348	fine-work-echoes-fin-03:0	train:143	INFO	Peak GPU Memory (MB) before ddp: 87
2025-12-27 21:58:45.348	fine-work-echoes-fin-03:0	train:155	INFO	Wrapping model with DDP...
2025-12-27 21:58:45.350	fine-work-echoes-fin-03:0	olmo.model:1399	INFO	Initializing model parameters...
2025-12-27 21:58:45.351	fine-work-echoes-fin-03:0	train:232	INFO	Peak GPU Memory (MB) after ddp: 173
2025-12-27 21:58:45.351	fine-work-echoes-fin-03:0	train:233	INFO	Model:
2025-12-27 21:58:45.351	fine-work-echoes-fin-03:0	train:234	INFO	DistributedDataParallel(
  (module): OLMo(
    (transformer): ModuleDict(
      (wte): Embedding(50304, 256)
      (emb_drop): Dropout(p=0.0, inplace=False)
      (ln_f): LayerNorm()
      (blocks): ModuleList(
        (0-7): 8 x OLMoSequentialBlock(
          (dropout): Dropout(p=0.0, inplace=False)
          (act): SwiGLU()
          (attn_out): Linear(in_features=256, out_features=256, bias=False)
          (ff_out): Linear(in_features=1024, out_features=256, bias=False)
          (rotary_emb): RotaryEmbedding()
          (att_proj): Linear(in_features=256, out_features=768, bias=False)
          (ff_proj): Linear(in_features=256, out_features=2048, bias=False)
          (attn_norm): LayerNorm()
          (ff_norm): LayerNorm()
        )
      )
    )
  )
)
2025-12-27 21:58:45.352	fine-work-echoes-fin-03:0	olmo.optim:944	INFO	Constructing optimizer with 1 param groups
2025-12-27 21:58:45.352	fine-work-echoes-fin-03:0	train:335	INFO	Saving pre-train checkpoint...
2025-12-27 21:58:45.359	fine-work-echoes-fin-03:0	olmo.checkpoint:796	INFO	Saving model state...
2025-12-27 21:58:45.410	fine-work-echoes-fin-03:0	olmo.checkpoint:811	INFO	Saving optim state...
2025-12-27 21:58:45.411	fine-work-echoes-fin-03:0	olmo.checkpoint:669	INFO	Saving trainer state...
2025-12-27 21:58:45.411	fine-work-echoes-fin-03:0	olmo.checkpoint:607	INFO	Saving config...
2025-12-27 21:58:45.640	fine-work-echoes-fin-03:0	train:337	INFO	Checkpoint saved to /home/vec_norm/OLMo/checkpoints/OLMo-20M-tied-emb-1000/step0-unsharded
2025-12-27 21:58:45.641	fine-work-echoes-fin-03:0	train:340	INFO	Attempting to load pre-train checkpoint...
2025-12-27 21:58:45.854	fine-work-echoes-fin-03:0	olmo.train:412	INFO	Resetting learning rate...
2025-12-27 21:58:45.855	fine-work-echoes-fin-03:0	olmo.train:424	INFO	Restoring RNG states...
2025-12-27 21:58:46.032	fine-work-echoes-fin-03:0	train:344	INFO	Checkpoint successfully loaded
2025-12-27 21:58:46.032	fine-work-echoes-fin-03:0	train:375	INFO	Starting training...
2025-12-27 21:58:46.032	fine-work-echoes-fin-03:0	olmo.train:1146	INFO	Enabling gradient provenance tracking for tied embeddings
2025-12-27 21:58:46.032	fine-work-echoes-fin-03:0	olmo.train:1153	INFO	Enabling output projection gradient clipping (window=5, scale=0.1)
2025-12-27 21:58:46.032	fine-work-echoes-fin-03:0	olmo.model:1272	INFO	Output projection gradient clipping enabled (window=5, scale=0.1, threshold=rolling_avg*0.1)
2025-12-27 21:58:46.033	fine-work-echoes-fin-03:0	olmo.train:1193	INFO	Gradient provenance CSV will be saved to /home/vec_norm/OLMo/checkpoints/OLMo-20M-tied-emb-1000/gradient_provenance.csv
2025-12-27 21:58:46.033	fine-work-echoes-fin-03:0	olmo.train:990	INFO	Pre-train system metrics
    System/Peak GPU Memory (MB)=173.0
2025-12-27 21:58:54.842	fine-work-echoes-fin-03:0	py.warnings:110	WARNING	sys:1: UserWarning: Full backward hook is firing when gradients are computed with respect to module outputs since no inputs require gradients. See https://docs.pytorch.org/docs/main/generated/torch.nn.Module.html#torch.nn.Module.register_full_backward_hook for more details.

2025-12-27 21:59:12.287	fine-work-echoes-fin-03:0	olmo.train:990	INFO	[step=10/10000,epoch=0]
    optim/total_grad_norm=0.0
    train/CrossEntropyLoss=10.38
    train/Perplexity=32,160
    grad_provenance/embedding_grad_l2_norm=0.0
    grad_provenance/embedding_grad_l2_norm_effective=0.0
    grad_provenance/embedding_grad_l1_norm=0.0
    grad_provenance/embedding_grad_mean=0.0
    grad_provenance/embedding_grad_abs_mean=0.0
    grad_provenance/output_proj_grad_l2_norm=0.1485
    grad_provenance/output_proj_grad_l2_norm_effective=0.0
    grad_provenance/output_proj_grad_l1_norm=41.48
    grad_provenance/output_proj_grad_mean=-2.9510180648943674e-14
    grad_provenance/output_proj_grad_abs_mean=3.220953658455983e-06
    grad_provenance/embedding_grad_rolling_avg=0.0
    grad_provenance/output_proj_clip_threshold=0.0
    throughput/total_tokens=5,242,880
    throughput/total_training_Gflops=1,061,715
    throughput/total_training_log_Gflops=13.88
    throughput/device/tokens_per_second=298,300
    throughput/device/batches_per_second=0.5690
    System/Peak GPU Memory (MB)=42,054
2025-12-27 21:59:29.857	fine-work-echoes-fin-03:0	olmo.train:990	INFO	[step=20/10000,epoch=0]
    optim/total_grad_norm=0.0
    train/CrossEntropyLoss=10.37
    train/Perplexity=31,993
    grad_provenance/embedding_grad_l2_norm=0.0
    grad_provenance/embedding_grad_l2_norm_effective=0.0
    grad_provenance/embedding_grad_l1_norm=0.0
    grad_provenance/embedding_grad_mean=0.0
    grad_provenance/embedding_grad_abs_mean=0.0
    grad_provenance/output_proj_grad_l2_norm=0.1482
    grad_provenance/output_proj_grad_l2_norm_effective=0.0
    grad_provenance/output_proj_grad_l1_norm=43.09
    grad_provenance/output_proj_grad_mean=3.722806703751816e-14
    grad_provenance/output_proj_grad_abs_mean=3.3458895813964773e-06
    grad_provenance/embedding_grad_rolling_avg=0.0
    grad_provenance/output_proj_clip_threshold=0.0
    throughput/total_tokens=10,485,760
    throughput/total_training_Gflops=2,123,431
    throughput/total_training_log_Gflops=14.57
    throughput/device/tokens_per_second=298,349
    throughput/device/batches_per_second=0.5691
    System/Peak GPU Memory (MB)=42,054
2025-12-27 21:59:47.425	fine-work-echoes-fin-03:0	olmo.train:990	INFO	[step=30/10000,epoch=0]
    optim/total_grad_norm=0.0
    train/CrossEntropyLoss=10.34
    train/Perplexity=30,894
    grad_provenance/embedding_grad_l2_norm=0.0
    grad_provenance/embedding_grad_l2_norm_effective=0.0
    grad_provenance/embedding_grad_l1_norm=0.0
    grad_provenance/embedding_grad_mean=0.0
    grad_provenance/embedding_grad_abs_mean=0.0
    grad_provenance/output_proj_grad_l2_norm=0.1508
    grad_provenance/output_proj_grad_l2_norm_effective=0.0
    grad_provenance/output_proj_grad_l1_norm=43.37
    grad_provenance/output_proj_grad_mean=7.619717811086554e-15
    grad_provenance/output_proj_grad_abs_mean=3.3674373298708815e-06
    grad_provenance/embedding_grad_rolling_avg=0.0
    grad_provenance/output_proj_clip_threshold=0.0
    throughput/total_tokens=15,728,640
    throughput/total_training_Gflops=3,185,147
    throughput/total_training_log_Gflops=14.97
    throughput/device/tokens_per_second=298,433
    throughput/device/batches_per_second=0.5692
    System/Peak GPU Memory (MB)=42,054
2025-12-27 22:00:04.987	fine-work-echoes-fin-03:0	olmo.train:990	INFO	[step=40/10000,epoch=0]
    optim/total_grad_norm=0.0
    train/CrossEntropyLoss=10.36
    train/Perplexity=31,443
    grad_provenance/embedding_grad_l2_norm=0.0
    grad_provenance/embedding_grad_l2_norm_effective=0.0
    grad_provenance/embedding_grad_l1_norm=0.0
    grad_provenance/embedding_grad_mean=0.0
    grad_provenance/embedding_grad_abs_mean=0.0
    grad_provenance/output_proj_grad_l2_norm=0.1414
    grad_provenance/output_proj_grad_l2_norm_effective=0.0
    grad_provenance/output_proj_grad_l1_norm=43.60
    grad_provenance/output_proj_grad_mean=3.5748476661517925e-14
    grad_provenance/output_proj_grad_abs_mean=3.3856365462270333e-06
    grad_provenance/embedding_grad_rolling_avg=0.0
    grad_provenance/output_proj_clip_threshold=0.0
    throughput/total_tokens=20,971,520
    throughput/total_training_Gflops=4,246,863
    throughput/total_training_log_Gflops=15.26
    throughput/device/tokens_per_second=298,501
    throughput/device/batches_per_second=0.5693
    System/Peak GPU Memory (MB)=42,054
2025-12-27 22:00:22.556	fine-work-echoes-fin-03:0	olmo.train:990	INFO	[step=50/10000,epoch=0]
    optim/total_grad_norm=0.0
    train/CrossEntropyLoss=10.33
    train/Perplexity=30,697
    grad_provenance/embedding_grad_l2_norm=0.0
    grad_provenance/embedding_grad_l2_norm_effective=0.0
    grad_provenance/embedding_grad_l1_norm=0.0
    grad_provenance/embedding_grad_mean=0.0
    grad_provenance/embedding_grad_abs_mean=0.0
    grad_provenance/output_proj_grad_l2_norm=0.1399
    grad_provenance/output_proj_grad_l2_norm_effective=0.0
    grad_provenance/output_proj_grad_l1_norm=43.36
    grad_provenance/output_proj_grad_mean=1.8636208841318197e-14
    grad_provenance/output_proj_grad_abs_mean=3.367123099451419e-06
    grad_provenance/embedding_grad_rolling_avg=0.0
    grad_provenance/output_proj_clip_threshold=0.0
    throughput/total_tokens=26,214,400
    throughput/total_training_Gflops=5,308,579
    throughput/total_training_log_Gflops=15.48
    throughput/device/tokens_per_second=298,493
    throughput/device/batches_per_second=0.5693
    System/Peak GPU Memory (MB)=42,054
2025-12-27 22:00:40.126	fine-work-echoes-fin-03:0	olmo.train:990	INFO	[step=60/10000,epoch=0]
    optim/total_grad_norm=0.0
    train/CrossEntropyLoss=10.32
    train/Perplexity=30,252
    grad_provenance/embedding_grad_l2_norm=0.0
    grad_provenance/embedding_grad_l2_norm_effective=0.0
    grad_provenance/embedding_grad_l1_norm=0.0
    grad_provenance/embedding_grad_mean=0.0
    grad_provenance/embedding_grad_abs_mean=0.0
    grad_provenance/output_proj_grad_l2_norm=0.1528
    grad_provenance/output_proj_grad_l2_norm_effective=0.0
    grad_provenance/output_proj_grad_l1_norm=43.28
    grad_provenance/output_proj_grad_mean=-2.956922350404851e-15
    grad_provenance/output_proj_grad_abs_mean=3.3606386296014534e-06
    grad_provenance/embedding_grad_rolling_avg=0.0
    grad_provenance/output_proj_clip_threshold=0.0
    throughput/total_tokens=31,457,280
    throughput/total_training_Gflops=6,370,295
    throughput/total_training_log_Gflops=15.67
    throughput/device/tokens_per_second=298,430
    throughput/device/batches_per_second=0.5692
    System/Peak GPU Memory (MB)=42,054
2025-12-27 22:00:57.701	fine-work-echoes-fin-03:0	olmo.train:990	INFO	[step=70/10000,epoch=0]
    optim/total_grad_norm=0.0
    train/CrossEntropyLoss=10.32
    train/Perplexity=30,308
    grad_provenance/embedding_grad_l2_norm=0.0
    grad_provenance/embedding_grad_l2_norm_effective=0.0
    grad_provenance/embedding_grad_l1_norm=0.0
    grad_provenance/embedding_grad_mean=0.0
    grad_provenance/embedding_grad_abs_mean=0.0
    grad_provenance/output_proj_grad_l2_norm=0.1375
    grad_provenance/output_proj_grad_l2_norm_effective=0.0
    grad_provenance/output_proj_grad_l1_norm=43.90
    grad_provenance/output_proj_grad_mean=1.869885370403123e-14
    grad_provenance/output_proj_grad_abs_mean=3.408579914321308e-06
    grad_provenance/embedding_grad_rolling_avg=0.0
    grad_provenance/output_proj_clip_threshold=0.0
    throughput/total_tokens=36,700,160
    throughput/total_training_Gflops=7,432,011
    throughput/total_training_log_Gflops=15.82
    throughput/device/tokens_per_second=298,384
    throughput/device/batches_per_second=0.5691
    System/Peak GPU Memory (MB)=42,054
2025-12-27 22:01:15.260	fine-work-echoes-fin-03:0	olmo.train:990	INFO	[step=80/10000,epoch=0]
    optim/total_grad_norm=0.0
    train/CrossEntropyLoss=10.32
    train/Perplexity=30,449
    grad_provenance/embedding_grad_l2_norm=0.0
    grad_provenance/embedding_grad_l2_norm_effective=0.0
    grad_provenance/embedding_grad_l1_norm=0.0
    grad_provenance/embedding_grad_mean=0.0
    grad_provenance/embedding_grad_abs_mean=0.0
    grad_provenance/output_proj_grad_l2_norm=0.1488
    grad_provenance/output_proj_grad_l2_norm_effective=0.0
    grad_provenance/output_proj_grad_l1_norm=43.91
    grad_provenance/output_proj_grad_mean=4.4069921458856146e-15
    grad_provenance/output_proj_grad_abs_mean=3.409468945392291e-06
    grad_provenance/embedding_grad_rolling_avg=0.0
    grad_provenance/output_proj_clip_threshold=0.0
    throughput/total_tokens=41,943,040
    throughput/total_training_Gflops=8,493,727
    throughput/total_training_log_Gflops=15.95
    throughput/device/tokens_per_second=298,469
    throughput/device/batches_per_second=0.5693
    System/Peak GPU Memory (MB)=42,054
2025-12-27 22:01:32.820	fine-work-echoes-fin-03:0	olmo.train:990	INFO	[step=90/10000,epoch=0]
    optim/total_grad_norm=0.0
    train/CrossEntropyLoss=10.33
    train/Perplexity=30,572
    grad_provenance/embedding_grad_l2_norm=0.0
    grad_provenance/embedding_grad_l2_norm_effective=0.0
    grad_provenance/embedding_grad_l1_norm=0.0
    grad_provenance/embedding_grad_mean=0.0
    grad_provenance/embedding_grad_abs_mean=0.0
    grad_provenance/output_proj_grad_l2_norm=0.1584
    grad_provenance/output_proj_grad_l2_norm_effective=0.0
    grad_provenance/output_proj_grad_l1_norm=43.84
    grad_provenance/output_proj_grad_mean=-1.6137642911968723e-14
    grad_provenance/output_proj_grad_abs_mean=3.4041079288726905e-06
    grad_provenance/embedding_grad_rolling_avg=0.0
    grad_provenance/output_proj_clip_threshold=0.0
    throughput/total_tokens=47,185,920
    throughput/total_training_Gflops=9,555,443
    throughput/total_training_log_Gflops=16.07
    throughput/device/tokens_per_second=298,590
    throughput/device/batches_per_second=0.5695
    System/Peak GPU Memory (MB)=42,054
2025-12-27 22:01:50.380	fine-work-echoes-fin-03:0	olmo.train:990	INFO	[step=100/10000,epoch=0]
    optim/total_grad_norm=0.0
    train/CrossEntropyLoss=10.35
    train/Perplexity=31,173
    grad_provenance/embedding_grad_l2_norm=0.0
    grad_provenance/embedding_grad_l2_norm_effective=0.0
    grad_provenance/embedding_grad_l1_norm=0.0
    grad_provenance/embedding_grad_mean=0.0
    grad_provenance/embedding_grad_abs_mean=0.0
    grad_provenance/output_proj_grad_l2_norm=0.1507
    grad_provenance/output_proj_grad_l2_norm_effective=0.0
    grad_provenance/output_proj_grad_l1_norm=43.52
    grad_provenance/output_proj_grad_mean=-2.7683820066535213e-14
    grad_provenance/output_proj_grad_abs_mean=3.3796090974647086e-06
    grad_provenance/embedding_grad_rolling_avg=0.0
    grad_provenance/output_proj_clip_threshold=0.0
    throughput/total_tokens=52,428,800
    throughput/total_training_Gflops=10,617,159
    throughput/total_training_log_Gflops=16.18
    throughput/device/tokens_per_second=298,589
    throughput/device/batches_per_second=0.5695
    System/Peak GPU Memory (MB)=42,054
2025-12-27 22:02:07.945	fine-work-echoes-fin-03:0	olmo.train:990	INFO	[step=110/10000,epoch=0]
    optim/total_grad_norm=0.0
    train/CrossEntropyLoss=10.34
    train/Perplexity=30,806
    grad_provenance/embedding_grad_l2_norm=0.0
    grad_provenance/embedding_grad_l2_norm_effective=0.0
    grad_provenance/embedding_grad_l1_norm=0.0
    grad_provenance/embedding_grad_mean=0.0
    grad_provenance/embedding_grad_abs_mean=0.0
    grad_provenance/output_proj_grad_l2_norm=0.1403
    grad_provenance/output_proj_grad_l2_norm_effective=0.0
    grad_provenance/output_proj_grad_l1_norm=43.32
    grad_provenance/output_proj_grad_mean=-2.5470295970529862e-14
    grad_provenance/output_proj_grad_abs_mean=3.3641599657130428e-06
    grad_provenance/embedding_grad_rolling_avg=0.0
    grad_provenance/output_proj_clip_threshold=0.0
    throughput/total_tokens=57,671,680
    throughput/total_training_Gflops=11,678,875
    throughput/total_training_log_Gflops=16.27
    throughput/device/tokens_per_second=298,549
    throughput/device/batches_per_second=0.5694
    System/Peak GPU Memory (MB)=42,054
2025-12-27 22:02:25.515	fine-work-echoes-fin-03:0	olmo.train:990	INFO	[step=120/10000,epoch=0]
    optim/total_grad_norm=0.0
    train/CrossEntropyLoss=10.33
    train/Perplexity=30,604
    grad_provenance/embedding_grad_l2_norm=0.0
    grad_provenance/embedding_grad_l2_norm_effective=0.0
    grad_provenance/embedding_grad_l1_norm=0.0
    grad_provenance/embedding_grad_mean=0.0
    grad_provenance/embedding_grad_abs_mean=0.0
    grad_provenance/output_proj_grad_l2_norm=0.1521
    grad_provenance/output_proj_grad_l2_norm_effective=0.0
    grad_provenance/output_proj_grad_l1_norm=43.58
    grad_provenance/output_proj_grad_mean=-2.877213712507848e-13
    grad_provenance/output_proj_grad_abs_mean=3.3842059110611444e-06
    grad_provenance/embedding_grad_rolling_avg=0.0
    grad_provenance/output_proj_clip_threshold=0.0
    throughput/total_tokens=62,914,560
    throughput/total_training_Gflops=12,740,590
    throughput/total_training_log_Gflops=16.36
    throughput/device/tokens_per_second=298,458
    throughput/device/batches_per_second=0.5693
    System/Peak GPU Memory (MB)=42,054
2025-12-27 22:02:43.085	fine-work-echoes-fin-03:0	olmo.train:990	INFO	[step=130/10000,epoch=0]
    optim/total_grad_norm=0.0
    train/CrossEntropyLoss=10.30
    train/Perplexity=29,831
    grad_provenance/embedding_grad_l2_norm=0.0
    grad_provenance/embedding_grad_l2_norm_effective=0.0
    grad_provenance/embedding_grad_l1_norm=0.0
    grad_provenance/embedding_grad_mean=0.0
    grad_provenance/embedding_grad_abs_mean=0.0
    grad_provenance/output_proj_grad_l2_norm=0.1373
    grad_provenance/output_proj_grad_l2_norm_effective=0.0
    grad_provenance/output_proj_grad_l1_norm=42.70
    grad_provenance/output_proj_grad_mean=2.7598223999083377e-14
    grad_provenance/output_proj_grad_abs_mean=3.3156688914459664e-06
    grad_provenance/embedding_grad_rolling_avg=0.0
    grad_provenance/output_proj_clip_threshold=0.0
    throughput/total_tokens=68,157,440
    throughput/total_training_Gflops=13,802,306
    throughput/total_training_log_Gflops=16.44
    throughput/device/tokens_per_second=298,417
    throughput/device/batches_per_second=0.5692
    System/Peak GPU Memory (MB)=42,054
2025-12-27 22:03:00.649	fine-work-echoes-fin-03:0	olmo.train:990	INFO	[step=140/10000,epoch=0]
    optim/total_grad_norm=0.0
    train/CrossEntropyLoss=10.30
    train/Perplexity=29,763
    grad_provenance/embedding_grad_l2_norm=0.0
    grad_provenance/embedding_grad_l2_norm_effective=0.0
    grad_provenance/embedding_grad_l1_norm=0.0
    grad_provenance/embedding_grad_mean=0.0
    grad_provenance/embedding_grad_abs_mean=0.0
    grad_provenance/output_proj_grad_l2_norm=0.1540
    grad_provenance/output_proj_grad_l2_norm_effective=0.0
    grad_provenance/output_proj_grad_l1_norm=44.24
    grad_provenance/output_proj_grad_mean=6.34366733472916e-15
    grad_provenance/output_proj_grad_abs_mean=3.435586677369429e-06
    grad_provenance/embedding_grad_rolling_avg=0.0
    grad_provenance/output_proj_clip_threshold=0.0
    throughput/total_tokens=73,400,320
    throughput/total_training_Gflops=14,864,022
    throughput/total_training_log_Gflops=16.51
    throughput/device/tokens_per_second=298,476
    throughput/device/batches_per_second=0.5693
    System/Peak GPU Memory (MB)=42,054
2025-12-27 22:03:18.210	fine-work-echoes-fin-03:0	olmo.train:990	INFO	[step=150/10000,epoch=0]
    optim/total_grad_norm=0.0
    train/CrossEntropyLoss=10.32
    train/Perplexity=30,217
    grad_provenance/embedding_grad_l2_norm=0.0
    grad_provenance/embedding_grad_l2_norm_effective=0.0
    grad_provenance/embedding_grad_l1_norm=0.0
    grad_provenance/embedding_grad_mean=0.0
    grad_provenance/embedding_grad_abs_mean=0.0
    grad_provenance/output_proj_grad_l2_norm=0.1517
    grad_provenance/output_proj_grad_l2_norm_effective=0.0
    grad_provenance/output_proj_grad_l1_norm=43.29
    grad_provenance/output_proj_grad_mean=-1.1294965817135703e-14
    grad_provenance/output_proj_grad_abs_mean=3.3613434879953275e-06
    grad_provenance/embedding_grad_rolling_avg=0.0
    grad_provenance/output_proj_clip_threshold=0.0
    throughput/total_tokens=78,643,200
    throughput/total_training_Gflops=15,925,738
    throughput/total_training_log_Gflops=16.58
    throughput/device/tokens_per_second=298,547
    throughput/device/batches_per_second=0.5694
    System/Peak GPU Memory (MB)=42,054
2025-12-27 22:03:35.769	fine-work-echoes-fin-03:0	olmo.train:990	INFO	[step=160/10000,epoch=0]
    optim/total_grad_norm=0.0
    train/CrossEntropyLoss=10.34
    train/Perplexity=30,883
    grad_provenance/embedding_grad_l2_norm=0.0
    grad_provenance/embedding_grad_l2_norm_effective=0.0
    grad_provenance/embedding_grad_l1_norm=0.0
    grad_provenance/embedding_grad_mean=0.0
    grad_provenance/embedding_grad_abs_mean=0.0
    grad_provenance/output_proj_grad_l2_norm=0.1521
    grad_provenance/output_proj_grad_l2_norm_effective=0.0
    grad_provenance/output_proj_grad_l1_norm=43.61
    grad_provenance/output_proj_grad_mean=1.6097782557910473e-13
    grad_provenance/output_proj_grad_abs_mean=3.3864430406538304e-06
    grad_provenance/embedding_grad_rolling_avg=0.0
    grad_provenance/output_proj_clip_threshold=0.0
    throughput/total_tokens=83,886,080
    throughput/total_training_Gflops=16,987,454
    throughput/total_training_log_Gflops=16.65
    throughput/device/tokens_per_second=298,584
    throughput/device/batches_per_second=0.5695
    System/Peak GPU Memory (MB)=42,054
2025-12-27 22:03:53.341	fine-work-echoes-fin-03:0	olmo.train:990	INFO	[step=170/10000,epoch=0]
    optim/total_grad_norm=0.0
    train/CrossEntropyLoss=10.36
    train/Perplexity=31,712
    grad_provenance/embedding_grad_l2_norm=0.0
    grad_provenance/embedding_grad_l2_norm_effective=0.0
    grad_provenance/embedding_grad_l1_norm=0.0
    grad_provenance/embedding_grad_mean=0.0
    grad_provenance/embedding_grad_abs_mean=0.0
    grad_provenance/output_proj_grad_l2_norm=0.1473
    grad_provenance/output_proj_grad_l2_norm_effective=0.0
    grad_provenance/output_proj_grad_l1_norm=43.34
    grad_provenance/output_proj_grad_mean=-1.0036642469814921e-14
    grad_provenance/output_proj_grad_abs_mean=3.365523525644676e-06
    grad_provenance/embedding_grad_rolling_avg=0.0
    grad_provenance/output_proj_clip_threshold=0.0
    throughput/total_tokens=89,128,960
    throughput/total_training_Gflops=18,049,170
    throughput/total_training_log_Gflops=16.71
    throughput/device/tokens_per_second=298,498
    throughput/device/batches_per_second=0.5693
    System/Peak GPU Memory (MB)=42,054
2025-12-27 22:04:10.913	fine-work-echoes-fin-03:0	olmo.train:990	INFO	[step=180/10000,epoch=0]
    optim/total_grad_norm=0.0
    train/CrossEntropyLoss=10.31
    train/Perplexity=30,025
    grad_provenance/embedding_grad_l2_norm=0.0
    grad_provenance/embedding_grad_l2_norm_effective=0.0
    grad_provenance/embedding_grad_l1_norm=0.0
    grad_provenance/embedding_grad_mean=0.0
    grad_provenance/embedding_grad_abs_mean=0.0
    grad_provenance/output_proj_grad_l2_norm=0.1585
    grad_provenance/output_proj_grad_l2_norm_effective=0.0
    grad_provenance/output_proj_grad_l1_norm=43.67
    grad_provenance/output_proj_grad_mean=5.337545506354504e-15
    grad_provenance/output_proj_grad_abs_mean=3.3908975183294388e-06
    grad_provenance/embedding_grad_rolling_avg=0.0
    grad_provenance/output_proj_clip_threshold=0.0
    throughput/total_tokens=94,371,840
    throughput/total_training_Gflops=19,110,886
    throughput/total_training_log_Gflops=16.77
    throughput/device/tokens_per_second=298,388
    throughput/device/batches_per_second=0.5691
    System/Peak GPU Memory (MB)=42,054
2025-12-27 22:04:28.488	fine-work-echoes-fin-03:0	olmo.train:990	INFO	[step=190/10000,epoch=0]
    optim/total_grad_norm=0.0
    train/CrossEntropyLoss=10.33
    train/Perplexity=30,622
    grad_provenance/embedding_grad_l2_norm=0.0
    grad_provenance/embedding_grad_l2_norm_effective=0.0
    grad_provenance/embedding_grad_l1_norm=0.0
    grad_provenance/embedding_grad_mean=0.0
    grad_provenance/embedding_grad_abs_mean=0.0
    grad_provenance/output_proj_grad_l2_norm=0.1370
    grad_provenance/output_proj_grad_l2_norm_effective=0.0
    grad_provenance/output_proj_grad_l1_norm=43.51
    grad_provenance/output_proj_grad_mean=3.169955075342512e-14
    grad_provenance/output_proj_grad_abs_mean=3.3783501294237794e-06
    grad_provenance/embedding_grad_rolling_avg=0.0
    grad_provenance/output_proj_clip_threshold=0.0
    throughput/total_tokens=99,614,720
    throughput/total_training_Gflops=20,172,602
    throughput/total_training_log_Gflops=16.82
    throughput/device/tokens_per_second=298,363
    throughput/device/batches_per_second=0.5691
    System/Peak GPU Memory (MB)=42,054
2025-12-27 22:04:46.058	fine-work-echoes-fin-03:0	olmo.train:990	INFO	[step=200/10000,epoch=0]
    optim/total_grad_norm=0.0
    train/CrossEntropyLoss=10.33
    train/Perplexity=30,534
    grad_provenance/embedding_grad_l2_norm=0.0
    grad_provenance/embedding_grad_l2_norm_effective=0.0
    grad_provenance/embedding_grad_l1_norm=0.0
    grad_provenance/embedding_grad_mean=0.0
    grad_provenance/embedding_grad_abs_mean=0.0
    grad_provenance/output_proj_grad_l2_norm=0.1503
    grad_provenance/output_proj_grad_l2_norm_effective=0.0
    grad_provenance/output_proj_grad_l1_norm=43.68
    grad_provenance/output_proj_grad_mean=4.584119271244108e-14
    grad_provenance/output_proj_grad_abs_mean=3.391846576050739e-06
    grad_provenance/embedding_grad_rolling_avg=0.0
    grad_provenance/output_proj_clip_threshold=0.0
    throughput/total_tokens=104,857,600
    throughput/total_training_Gflops=21,234,318
    throughput/total_training_log_Gflops=16.87
    throughput/device/tokens_per_second=298,372
    throughput/device/batches_per_second=0.5691
    System/Peak GPU Memory (MB)=42,054
2025-12-27 22:05:03.631	fine-work-echoes-fin-03:0	olmo.train:990	INFO	[step=210/10000,epoch=0]
    optim/total_grad_norm=0.0
    train/CrossEntropyLoss=10.34
    train/Perplexity=30,914
    grad_provenance/embedding_grad_l2_norm=0.0
    grad_provenance/embedding_grad_l2_norm_effective=0.0
    grad_provenance/embedding_grad_l1_norm=0.0
    grad_provenance/embedding_grad_mean=0.0
    grad_provenance/embedding_grad_abs_mean=0.0
    grad_provenance/output_proj_grad_l2_norm=0.1487
    grad_provenance/output_proj_grad_l2_norm_effective=0.0
    grad_provenance/output_proj_grad_l1_norm=43.37
    grad_provenance/output_proj_grad_mean=1.716014889864212e-14
    grad_provenance/output_proj_grad_abs_mean=3.367933686604374e-06
    grad_provenance/embedding_grad_rolling_avg=0.0
    grad_provenance/output_proj_clip_threshold=0.0
    throughput/total_tokens=110,100,480
    throughput/total_training_Gflops=22,296,034
    throughput/total_training_log_Gflops=16.92
    throughput/device/tokens_per_second=298,395
    throughput/device/batches_per_second=0.5691
    System/Peak GPU Memory (MB)=42,054
2025-12-27 22:05:21.195	fine-work-echoes-fin-03:0	olmo.train:990	INFO	[step=220/10000,epoch=0]
    optim/total_grad_norm=0.0
    train/CrossEntropyLoss=10.32
    train/Perplexity=30,380
    grad_provenance/embedding_grad_l2_norm=0.0
    grad_provenance/embedding_grad_l2_norm_effective=0.0
    grad_provenance/embedding_grad_l1_norm=0.0
    grad_provenance/embedding_grad_mean=0.0
    grad_provenance/embedding_grad_abs_mean=0.0
    grad_provenance/output_proj_grad_l2_norm=0.1502
    grad_provenance/output_proj_grad_l2_norm_effective=0.0
    grad_provenance/output_proj_grad_l1_norm=43.75
    grad_provenance/output_proj_grad_mean=-6.222969459613453e-14
    grad_provenance/output_proj_grad_abs_mean=3.3975447877310216e-06
    grad_provenance/embedding_grad_rolling_avg=0.0
    grad_provenance/output_proj_clip_threshold=0.0
    throughput/total_tokens=115,343,360
    throughput/total_training_Gflops=23,357,750
    throughput/total_training_log_Gflops=16.97
    throughput/device/tokens_per_second=298,450
    throughput/device/batches_per_second=0.5692
    System/Peak GPU Memory (MB)=42,054
2025-12-27 22:05:38.754	fine-work-echoes-fin-03:0	olmo.train:990	INFO	[step=230/10000,epoch=0]
    optim/total_grad_norm=0.0
    train/CrossEntropyLoss=10.32
    train/Perplexity=30,340
    grad_provenance/embedding_grad_l2_norm=0.0
    grad_provenance/embedding_grad_l2_norm_effective=0.0
    grad_provenance/embedding_grad_l1_norm=0.0
    grad_provenance/embedding_grad_mean=0.0
    grad_provenance/embedding_grad_abs_mean=0.0
    grad_provenance/output_proj_grad_l2_norm=0.1329
    grad_provenance/output_proj_grad_l2_norm_effective=0.0
    grad_provenance/output_proj_grad_l1_norm=43.64
    grad_provenance/output_proj_grad_mean=5.5411147133373195e-14
    grad_provenance/output_proj_grad_abs_mean=3.388729282960412e-06
    grad_provenance/embedding_grad_rolling_avg=0.0
    grad_provenance/output_proj_clip_threshold=0.0
    throughput/total_tokens=120,586,240
    throughput/total_training_Gflops=24,419,466
    throughput/total_training_log_Gflops=17.01
    throughput/device/tokens_per_second=298,563
    throughput/device/batches_per_second=0.5695
    System/Peak GPU Memory (MB)=42,054
2025-12-27 22:05:56.318	fine-work-echoes-fin-03:0	olmo.train:990	INFO	[step=240/10000,epoch=0]
    optim/total_grad_norm=0.0
    train/CrossEntropyLoss=10.29
    train/Perplexity=29,407
    grad_provenance/embedding_grad_l2_norm=0.0
    grad_provenance/embedding_grad_l2_norm_effective=0.0
    grad_provenance/embedding_grad_l1_norm=0.0
    grad_provenance/embedding_grad_mean=0.0
    grad_provenance/embedding_grad_abs_mean=0.0
    grad_provenance/output_proj_grad_l2_norm=0.1593
    grad_provenance/output_proj_grad_l2_norm_effective=0.0
    grad_provenance/output_proj_grad_l1_norm=43.76
    grad_provenance/output_proj_grad_mean=-1.639584735341204e-14
    grad_provenance/output_proj_grad_abs_mean=3.3978972169279587e-06
    grad_provenance/embedding_grad_rolling_avg=0.0
    grad_provenance/output_proj_clip_threshold=0.0
    throughput/total_tokens=125,829,120
    throughput/total_training_Gflops=25,481,181
    throughput/total_training_log_Gflops=17.05
    throughput/device/tokens_per_second=298,565
    throughput/device/batches_per_second=0.5695
    System/Peak GPU Memory (MB)=42,054
2025-12-27 22:06:13.877	fine-work-echoes-fin-03:0	olmo.train:990	INFO	[step=250/10000,epoch=0]
    optim/total_grad_norm=0.0
    train/CrossEntropyLoss=10.33
    train/Perplexity=30,736
    grad_provenance/embedding_grad_l2_norm=0.0
    grad_provenance/embedding_grad_l2_norm_effective=0.0
    grad_provenance/embedding_grad_l1_norm=0.0
    grad_provenance/embedding_grad_mean=0.0
    grad_provenance/embedding_grad_abs_mean=0.0
    grad_provenance/output_proj_grad_l2_norm=0.1500
    grad_provenance/output_proj_grad_l2_norm_effective=0.0
    grad_provenance/output_proj_grad_l1_norm=43.64
    grad_provenance/output_proj_grad_mean=-5.912121242871923e-14
    grad_provenance/output_proj_grad_abs_mean=3.3884643926285207e-06
    grad_provenance/embedding_grad_rolling_avg=0.0
    grad_provenance/output_proj_clip_threshold=0.0
    throughput/total_tokens=131,072,000
    throughput/total_training_Gflops=26,542,897
    throughput/total_training_log_Gflops=17.09
    throughput/device/tokens_per_second=298,567
    throughput/device/batches_per_second=0.5695
    System/Peak GPU Memory (MB)=42,054
2025-12-27 22:06:31.443	fine-work-echoes-fin-03:0	olmo.train:990	INFO	[step=260/10000,epoch=0]
    optim/total_grad_norm=0.0
    train/CrossEntropyLoss=10.34
    train/Perplexity=30,814
    grad_provenance/embedding_grad_l2_norm=0.0
    grad_provenance/embedding_grad_l2_norm_effective=0.0
    grad_provenance/embedding_grad_l1_norm=0.0
    grad_provenance/embedding_grad_mean=0.0
    grad_provenance/embedding_grad_abs_mean=0.0
    grad_provenance/output_proj_grad_l2_norm=0.1454
    grad_provenance/output_proj_grad_l2_norm_effective=0.0
    grad_provenance/output_proj_grad_l1_norm=44.17
    grad_provenance/output_proj_grad_mean=1.3924117968930425e-14
    grad_provenance/output_proj_grad_abs_mean=3.430242941249162e-06
    grad_provenance/embedding_grad_rolling_avg=0.0
    grad_provenance/output_proj_clip_threshold=0.0
    throughput/total_tokens=136,314,880
    throughput/total_training_Gflops=27,604,613
    throughput/total_training_log_Gflops=17.13
    throughput/device/tokens_per_second=298,544
    throughput/device/batches_per_second=0.5694
    System/Peak GPU Memory (MB)=42,054
2025-12-27 22:06:49.008	fine-work-echoes-fin-03:0	olmo.train:990	INFO	[step=270/10000,epoch=0]
    optim/total_grad_norm=0.0
    train/CrossEntropyLoss=10.34
    train/Perplexity=30,872
    grad_provenance/embedding_grad_l2_norm=0.0
    grad_provenance/embedding_grad_l2_norm_effective=0.0
    grad_provenance/embedding_grad_l1_norm=0.0
    grad_provenance/embedding_grad_mean=0.0
    grad_provenance/embedding_grad_abs_mean=0.0
    grad_provenance/output_proj_grad_l2_norm=0.1469
    grad_provenance/output_proj_grad_l2_norm_effective=0.0
    grad_provenance/output_proj_grad_l1_norm=43.72
    grad_provenance/output_proj_grad_mean=4.638641680916036e-15
    grad_provenance/output_proj_grad_abs_mean=3.394972281967057e-06
    grad_provenance/embedding_grad_rolling_avg=0.0
    grad_provenance/output_proj_clip_threshold=0.0
    throughput/total_tokens=141,557,760
    throughput/total_training_Gflops=28,666,329
    throughput/total_training_log_Gflops=17.17
    throughput/device/tokens_per_second=298,492
    throughput/device/batches_per_second=0.5693
    System/Peak GPU Memory (MB)=42,054
2025-12-27 22:07:06.569	fine-work-echoes-fin-03:0	olmo.train:990	INFO	[step=280/10000,epoch=0]
    optim/total_grad_norm=0.0
    train/CrossEntropyLoss=10.35
    train/Perplexity=31,386
    grad_provenance/embedding_grad_l2_norm=0.0
    grad_provenance/embedding_grad_l2_norm_effective=0.0
    grad_provenance/embedding_grad_l1_norm=0.0
    grad_provenance/embedding_grad_mean=0.0
    grad_provenance/embedding_grad_abs_mean=0.0
    grad_provenance/output_proj_grad_l2_norm=0.1434
    grad_provenance/output_proj_grad_l2_norm_effective=0.0
    grad_provenance/output_proj_grad_l1_norm=43.82
    grad_provenance/output_proj_grad_mean=-2.123125012929404e-14
    grad_provenance/output_proj_grad_abs_mean=3.403043820071616e-06
    grad_provenance/embedding_grad_rolling_avg=0.0
    grad_provenance/output_proj_clip_threshold=0.0
    throughput/total_tokens=146,800,640
    throughput/total_training_Gflops=29,728,045
    throughput/total_training_log_Gflops=17.21
    throughput/device/tokens_per_second=298,538
    throughput/device/batches_per_second=0.5694
    System/Peak GPU Memory (MB)=42,054
2025-12-27 22:07:24.140	fine-work-echoes-fin-03:0	olmo.train:990	INFO	[step=290/10000,epoch=0]
    optim/total_grad_norm=0.0
    train/CrossEntropyLoss=10.34
    train/Perplexity=31,037
    grad_provenance/embedding_grad_l2_norm=0.0
    grad_provenance/embedding_grad_l2_norm_effective=0.0
    grad_provenance/embedding_grad_l1_norm=0.0
    grad_provenance/embedding_grad_mean=0.0
    grad_provenance/embedding_grad_abs_mean=0.0
    grad_provenance/output_proj_grad_l2_norm=0.1413
    grad_provenance/output_proj_grad_l2_norm_effective=0.0
    grad_provenance/output_proj_grad_l1_norm=43.16
    grad_provenance/output_proj_grad_mean=2.3517093898335964e-14
    grad_provenance/output_proj_grad_abs_mean=3.3512997106299736e-06
    grad_provenance/embedding_grad_rolling_avg=0.0
    grad_provenance/output_proj_clip_threshold=0.0
    throughput/total_tokens=152,043,520
    throughput/total_training_Gflops=30,789,761
    throughput/total_training_log_Gflops=17.24
    throughput/device/tokens_per_second=298,494
    throughput/device/batches_per_second=0.5693
    System/Peak GPU Memory (MB)=42,054
2025-12-27 22:07:41.704	fine-work-echoes-fin-03:0	olmo.train:990	INFO	[step=300/10000,epoch=0]
    optim/total_grad_norm=0.0
    train/CrossEntropyLoss=10.34
    train/Perplexity=30,794
    grad_provenance/embedding_grad_l2_norm=0.0
    grad_provenance/embedding_grad_l2_norm_effective=0.0
    grad_provenance/embedding_grad_l1_norm=0.0
    grad_provenance/embedding_grad_mean=0.0
    grad_provenance/embedding_grad_abs_mean=0.0
    grad_provenance/output_proj_grad_l2_norm=0.1478
    grad_provenance/output_proj_grad_l2_norm_effective=0.0
    grad_provenance/output_proj_grad_l1_norm=43.97
    grad_provenance/output_proj_grad_mean=-2.058376120375391e-14
    grad_provenance/output_proj_grad_abs_mean=3.414557340875035e-06
    grad_provenance/embedding_grad_rolling_avg=0.0
    grad_provenance/output_proj_clip_threshold=0.0
    throughput/total_tokens=157,286,400
    throughput/total_training_Gflops=31,851,477
    throughput/total_training_log_Gflops=17.28
    throughput/device/tokens_per_second=298,460
    throughput/device/batches_per_second=0.5693
    System/Peak GPU Memory (MB)=42,054
2025-12-27 22:07:59.262	fine-work-echoes-fin-03:0	olmo.train:990	INFO	[step=310/10000,epoch=0]
    optim/total_grad_norm=0.0
    train/CrossEntropyLoss=10.35
    train/Perplexity=31,361
    grad_provenance/embedding_grad_l2_norm=0.0
    grad_provenance/embedding_grad_l2_norm_effective=0.0
    grad_provenance/embedding_grad_l1_norm=0.0
    grad_provenance/embedding_grad_mean=0.0
    grad_provenance/embedding_grad_abs_mean=0.0
    grad_provenance/output_proj_grad_l2_norm=0.1442
    grad_provenance/output_proj_grad_l2_norm_effective=0.0
    grad_provenance/output_proj_grad_l1_norm=43.70
    grad_provenance/output_proj_grad_mean=-2.7671531312536447e-14
    grad_provenance/output_proj_grad_abs_mean=3.3935525607375894e-06
    grad_provenance/embedding_grad_rolling_avg=0.0
    grad_provenance/output_proj_clip_threshold=0.0
    throughput/total_tokens=162,529,280
    throughput/total_training_Gflops=32,913,193
    throughput/total_training_log_Gflops=17.31
    throughput/device/tokens_per_second=298,576
    throughput/device/batches_per_second=0.5695
    System/Peak GPU Memory (MB)=42,054
2025-12-27 22:08:16.821	fine-work-echoes-fin-03:0	olmo.train:990	INFO	[step=320/10000,epoch=0]
    optim/total_grad_norm=0.0
    train/CrossEntropyLoss=10.31
    train/Perplexity=30,074
    grad_provenance/embedding_grad_l2_norm=0.0
    grad_provenance/embedding_grad_l2_norm_effective=0.0
    grad_provenance/embedding_grad_l1_norm=0.0
    grad_provenance/embedding_grad_mean=0.0
    grad_provenance/embedding_grad_abs_mean=0.0
    grad_provenance/output_proj_grad_l2_norm=0.1516
    grad_provenance/output_proj_grad_l2_norm_effective=0.0
    grad_provenance/output_proj_grad_l1_norm=43.40
    grad_provenance/output_proj_grad_mean=-6.795525636650558e-16
    grad_provenance/output_proj_grad_abs_mean=3.3703865938150557e-06
    grad_provenance/embedding_grad_rolling_avg=0.0
    grad_provenance/output_proj_clip_threshold=0.0
    throughput/total_tokens=167,772,160
    throughput/total_training_Gflops=33,974,909
    throughput/total_training_log_Gflops=17.34
    throughput/device/tokens_per_second=298,614
    throughput/device/batches_per_second=0.5696
    System/Peak GPU Memory (MB)=42,054
2025-12-27 22:08:34.389	fine-work-echoes-fin-03:0	olmo.train:990	INFO	[step=330/10000,epoch=0]
    optim/total_grad_norm=0.0
    train/CrossEntropyLoss=10.32
    train/Perplexity=30,440
    grad_provenance/embedding_grad_l2_norm=0.0
    grad_provenance/embedding_grad_l2_norm_effective=0.0
    grad_provenance/embedding_grad_l1_norm=0.0
    grad_provenance/embedding_grad_mean=0.0
    grad_provenance/embedding_grad_abs_mean=0.0
    grad_provenance/output_proj_grad_l2_norm=0.1377
    grad_provenance/output_proj_grad_l2_norm_effective=0.0
    grad_provenance/output_proj_grad_l1_norm=43.32
    grad_provenance/output_proj_grad_mean=3.414981039379268e-14
    grad_provenance/output_proj_grad_abs_mean=3.364222720847465e-06
    grad_provenance/embedding_grad_rolling_avg=0.0
    grad_provenance/output_proj_clip_threshold=0.0
    throughput/total_tokens=173,015,040
    throughput/total_training_Gflops=35,036,625
    throughput/total_training_log_Gflops=17.37
    throughput/device/tokens_per_second=298,524
    throughput/device/batches_per_second=0.5694
    System/Peak GPU Memory (MB)=42,054
2025-12-27 22:08:51.958	fine-work-echoes-fin-03:0	olmo.train:990	INFO	[step=340/10000,epoch=0]
    optim/total_grad_norm=0.0
    train/CrossEntropyLoss=10.31
    train/Perplexity=30,044
    grad_provenance/embedding_grad_l2_norm=0.0
    grad_provenance/embedding_grad_l2_norm_effective=0.0
    grad_provenance/embedding_grad_l1_norm=0.0
    grad_provenance/embedding_grad_mean=0.0
    grad_provenance/embedding_grad_abs_mean=0.0
    grad_provenance/output_proj_grad_l2_norm=0.1527
    grad_provenance/output_proj_grad_l2_norm_effective=0.0
    grad_provenance/output_proj_grad_l1_norm=43.88
    grad_provenance/output_proj_grad_mean=-2.451135133621843e-14
    grad_provenance/output_proj_grad_abs_mean=3.4077327200066065e-06
    grad_provenance/embedding_grad_rolling_avg=0.0
    grad_provenance/output_proj_clip_threshold=0.0
    throughput/total_tokens=178,257,920
    throughput/total_training_Gflops=36,098,341
    throughput/total_training_log_Gflops=17.40
    throughput/device/tokens_per_second=298,450
    throughput/device/batches_per_second=0.5692
    System/Peak GPU Memory (MB)=42,054
2025-12-27 22:09:09.523	fine-work-echoes-fin-03:0	olmo.train:990	INFO	[step=350/10000,epoch=0]
    optim/total_grad_norm=0.0
    train/CrossEntropyLoss=10.31
    train/Perplexity=30,005
    grad_provenance/embedding_grad_l2_norm=0.0
    grad_provenance/embedding_grad_l2_norm_effective=0.0
    grad_provenance/embedding_grad_l1_norm=0.0
    grad_provenance/embedding_grad_mean=0.0
    grad_provenance/embedding_grad_abs_mean=0.0
    grad_provenance/output_proj_grad_l2_norm=0.1560
    grad_provenance/output_proj_grad_l2_norm_effective=0.0
    grad_provenance/output_proj_grad_l1_norm=43.52
    grad_provenance/output_proj_grad_mean=4.749381497890642e-15
    grad_provenance/output_proj_grad_abs_mean=3.379313739060308e-06
    grad_provenance/embedding_grad_rolling_avg=0.0
    grad_provenance/output_proj_clip_threshold=0.0
    throughput/total_tokens=183,500,800
    throughput/total_training_Gflops=37,160,057
    throughput/total_training_log_Gflops=17.43
    throughput/device/tokens_per_second=298,481
    throughput/device/batches_per_second=0.5693
    System/Peak GPU Memory (MB)=42,054
2025-12-27 22:09:27.087	fine-work-echoes-fin-03:0	olmo.train:990	INFO	[step=360/10000,epoch=0]
    optim/total_grad_norm=0.0
    train/CrossEntropyLoss=10.35
    train/Perplexity=31,411
    grad_provenance/embedding_grad_l2_norm=0.0
    grad_provenance/embedding_grad_l2_norm_effective=0.0
    grad_provenance/embedding_grad_l1_norm=0.0
    grad_provenance/embedding_grad_mean=0.0
    grad_provenance/embedding_grad_abs_mean=0.0
    grad_provenance/output_proj_grad_l2_norm=0.1443
    grad_provenance/output_proj_grad_l2_norm_effective=0.0
    grad_provenance/output_proj_grad_l1_norm=43.58
    grad_provenance/output_proj_grad_mean=-1.095879114586468e-14
    grad_provenance/output_proj_grad_abs_mean=3.384480123713729e-06
    grad_provenance/embedding_grad_rolling_avg=0.0
    grad_provenance/output_proj_clip_threshold=0.0
    throughput/total_tokens=188,743,680
    throughput/total_training_Gflops=38,221,772
    throughput/total_training_log_Gflops=17.46
    throughput/device/tokens_per_second=298,514
    throughput/device/batches_per_second=0.5694
    System/Peak GPU Memory (MB)=42,054
2025-12-27 22:09:44.658	fine-work-echoes-fin-03:0	olmo.train:990	INFO	[step=370/10000,epoch=0]
    optim/total_grad_norm=0.0
    train/CrossEntropyLoss=10.35
    train/Perplexity=31,223
    grad_provenance/embedding_grad_l2_norm=0.0
    grad_provenance/embedding_grad_l2_norm_effective=0.0
    grad_provenance/embedding_grad_l1_norm=0.0
    grad_provenance/embedding_grad_mean=0.0
    grad_provenance/embedding_grad_abs_mean=0.0
    grad_provenance/output_proj_grad_l2_norm=0.1492
    grad_provenance/output_proj_grad_l2_norm_effective=0.0
    grad_provenance/output_proj_grad_l1_norm=43.38
    grad_provenance/output_proj_grad_mean=7.594433877611013e-15
    grad_provenance/output_proj_grad_abs_mean=3.368426177985384e-06
    grad_provenance/embedding_grad_rolling_avg=0.0
    grad_provenance/output_proj_clip_threshold=0.0
    throughput/total_tokens=193,986,560
    throughput/total_training_Gflops=39,283,488
    throughput/total_training_log_Gflops=17.49
    throughput/device/tokens_per_second=298,465
    throughput/device/batches_per_second=0.5693
    System/Peak GPU Memory (MB)=42,054
2025-12-27 22:10:02.221	fine-work-echoes-fin-03:0	olmo.train:990	INFO	[step=380/10000,epoch=0]
    optim/total_grad_norm=0.0
    train/CrossEntropyLoss=10.33
    train/Perplexity=30,521
    grad_provenance/embedding_grad_l2_norm=0.0
    grad_provenance/embedding_grad_l2_norm_effective=0.0
    grad_provenance/embedding_grad_l1_norm=0.0
    grad_provenance/embedding_grad_mean=0.0
    grad_provenance/embedding_grad_abs_mean=0.0
    grad_provenance/output_proj_grad_l2_norm=0.1413
    grad_provenance/output_proj_grad_l2_norm_effective=0.0
    grad_provenance/output_proj_grad_l1_norm=43.41
    grad_provenance/output_proj_grad_mean=-2.526251836505191e-15
    grad_provenance/output_proj_grad_abs_mean=3.370770400579204e-06
    grad_provenance/embedding_grad_rolling_avg=0.0
    grad_provenance/output_proj_clip_threshold=0.0
    throughput/total_tokens=199,229,440
    throughput/total_training_Gflops=40,345,204
    throughput/total_training_log_Gflops=17.51
    throughput/device/tokens_per_second=298,464
    throughput/device/batches_per_second=0.5693
    System/Peak GPU Memory (MB)=42,054
2025-12-27 22:10:19.782	fine-work-echoes-fin-03:0	olmo.train:990	INFO	[step=390/10000,epoch=0]
    optim/total_grad_norm=0.0
    train/CrossEntropyLoss=10.35
    train/Perplexity=31,337
    grad_provenance/embedding_grad_l2_norm=0.0
    grad_provenance/embedding_grad_l2_norm_effective=0.0
    grad_provenance/embedding_grad_l1_norm=0.0
    grad_provenance/embedding_grad_mean=0.0
    grad_provenance/embedding_grad_abs_mean=0.0
    grad_provenance/output_proj_grad_l2_norm=0.1544
    grad_provenance/output_proj_grad_l2_norm_effective=0.0
    grad_provenance/output_proj_grad_l1_norm=44.50
    grad_provenance/output_proj_grad_mean=3.96073487050376e-14
    grad_provenance/output_proj_grad_abs_mean=3.455530304563581e-06
    grad_provenance/embedding_grad_rolling_avg=0.0
    grad_provenance/output_proj_clip_threshold=0.0
    throughput/total_tokens=204,472,320
    throughput/total_training_Gflops=41,406,920
    throughput/total_training_log_Gflops=17.54
    throughput/device/tokens_per_second=298,551
    throughput/device/batches_per_second=0.5694
    System/Peak GPU Memory (MB)=42,054
2025-12-27 22:10:37.352	fine-work-echoes-fin-03:0	olmo.train:990	INFO	[step=400/10000,epoch=0]
    optim/total_grad_norm=0.0
    train/CrossEntropyLoss=10.33
    train/Perplexity=30,664
    grad_provenance/embedding_grad_l2_norm=0.0
    grad_provenance/embedding_grad_l2_norm_effective=0.0
    grad_provenance/embedding_grad_l1_norm=0.0
    grad_provenance/embedding_grad_mean=0.0
    grad_provenance/embedding_grad_abs_mean=0.0
    grad_provenance/output_proj_grad_l2_norm=0.1581
    grad_provenance/output_proj_grad_l2_norm_effective=0.0
    grad_provenance/output_proj_grad_l1_norm=43.90
    grad_provenance/output_proj_grad_mean=6.302804008958066e-14
    grad_provenance/output_proj_grad_abs_mean=3.4091412999259774e-06
    grad_provenance/embedding_grad_rolling_avg=0.0
    grad_provenance/output_proj_clip_threshold=0.0
    throughput/total_tokens=209,715,200
    throughput/total_training_Gflops=42,468,636
    throughput/total_training_log_Gflops=17.56
    throughput/device/tokens_per_second=298,499
    throughput/device/batches_per_second=0.5693
    System/Peak GPU Memory (MB)=42,054
2025-12-27 22:10:54.923	fine-work-echoes-fin-03:0	olmo.train:990	INFO	[step=410/10000,epoch=0]
    optim/total_grad_norm=0.0
    train/CrossEntropyLoss=10.33
    train/Perplexity=30,771
    grad_provenance/embedding_grad_l2_norm=0.0
    grad_provenance/embedding_grad_l2_norm_effective=0.0
    grad_provenance/embedding_grad_l1_norm=0.0
    grad_provenance/embedding_grad_mean=0.0
    grad_provenance/embedding_grad_abs_mean=0.0
    grad_provenance/output_proj_grad_l2_norm=0.1433
    grad_provenance/output_proj_grad_l2_norm_effective=0.0
    grad_provenance/output_proj_grad_l1_norm=42.66
    grad_provenance/output_proj_grad_mean=-2.2974694656495778e-14
    grad_provenance/output_proj_grad_abs_mean=3.3129383609775687e-06
    grad_provenance/embedding_grad_rolling_avg=0.0
    grad_provenance/output_proj_clip_threshold=0.0
    throughput/total_tokens=214,958,080
    throughput/total_training_Gflops=43,530,352
    throughput/total_training_log_Gflops=17.59
    throughput/device/tokens_per_second=298,409
    throughput/device/batches_per_second=0.5692
    System/Peak GPU Memory (MB)=42,054
2025-12-27 22:11:12.489	fine-work-echoes-fin-03:0	olmo.train:990	INFO	[step=420/10000,epoch=0]
    optim/total_grad_norm=0.0
    train/CrossEntropyLoss=10.31
    train/Perplexity=30,079
    grad_provenance/embedding_grad_l2_norm=0.0
    grad_provenance/embedding_grad_l2_norm_effective=0.0
    grad_provenance/embedding_grad_l1_norm=0.0
    grad_provenance/embedding_grad_mean=0.0
    grad_provenance/embedding_grad_abs_mean=0.0
    grad_provenance/output_proj_grad_l2_norm=0.1535
    grad_provenance/output_proj_grad_l2_norm_effective=0.0
    grad_provenance/output_proj_grad_l1_norm=44.21
    grad_provenance/output_proj_grad_mean=-1.0768386609651386e-14
    grad_provenance/output_proj_grad_abs_mean=3.4332847462792415e-06
    grad_provenance/embedding_grad_rolling_avg=0.0
    grad_provenance/output_proj_clip_threshold=0.0
    throughput/total_tokens=220,200,960
    throughput/total_training_Gflops=44,592,068
    throughput/total_training_log_Gflops=17.61
    throughput/device/tokens_per_second=298,452
    throughput/device/batches_per_second=0.5693
    System/Peak GPU Memory (MB)=42,054
2025-12-27 22:11:30.059	fine-work-echoes-fin-03:0	olmo.train:990	INFO	[step=430/10000,epoch=0]
    optim/total_grad_norm=0.0
    train/CrossEntropyLoss=10.32
    train/Perplexity=30,211
    grad_provenance/embedding_grad_l2_norm=0.0
    grad_provenance/embedding_grad_l2_norm_effective=0.0
    grad_provenance/embedding_grad_l1_norm=0.0
    grad_provenance/embedding_grad_mean=0.0
    grad_provenance/embedding_grad_abs_mean=0.0
    grad_provenance/output_proj_grad_l2_norm=0.1530
    grad_provenance/output_proj_grad_l2_norm_effective=0.0
    grad_provenance/output_proj_grad_l1_norm=43.91
    grad_provenance/output_proj_grad_mean=3.6046934967350964e-16
    grad_provenance/output_proj_grad_abs_mean=3.409932105569169e-06
    grad_provenance/embedding_grad_rolling_avg=0.0
    grad_provenance/output_proj_clip_threshold=0.0
    throughput/total_tokens=225,443,840
    throughput/total_training_Gflops=45,653,784
    throughput/total_training_log_Gflops=17.64
    throughput/device/tokens_per_second=298,461
    throughput/device/batches_per_second=0.5693
    System/Peak GPU Memory (MB)=42,054
W1227 22:11:43.770000 44927 torch/distributed/elastic/agent/server/api.py:725] Received 15 death signal, shutting down workers
W1227 22:11:43.772000 44927 torch/distributed/elastic/multiprocessing/api.py:908] Sending process 44964 closing signal SIGTERM
/usr/lib/python3.12/multiprocessing/resource_tracker.py:254: UserWarning: resource_tracker: There appear to be 104 leaked semaphore objects to clean up at shutdown
  warnings.warn('resource_tracker: There appear to be %d '
Traceback (most recent call last):
  File "/home/vec_norm/.venv/bin/torchrun", line 8, in <module>
    sys.exit(main())
             ^^^^^^
  File "/home/vec_norm/.venv/lib/python3.12/site-packages/torch/distributed/elastic/multiprocessing/errors/__init__.py", line 357, in wrapper
    return f(*args, **kwargs)
           ^^^^^^^^^^^^^^^^^^
  File "/home/vec_norm/.venv/lib/python3.12/site-packages/torch/distributed/run.py", line 936, in main
    run(args)
  File "/home/vec_norm/.venv/lib/python3.12/site-packages/torch/distributed/run.py", line 927, in run
    elastic_launch(
  File "/home/vec_norm/.venv/lib/python3.12/site-packages/torch/distributed/launcher/api.py", line 156, in __call__
    return launch_agent(self._config, self._entrypoint, list(args))
           ^^^^^^^^^^^^^^^^^^^^^^^^^^^^^^^^^^^^^^^^^^^^^^^^^^^^^^^^
  File "/home/vec_norm/.venv/lib/python3.12/site-packages/torch/distributed/launcher/api.py", line 284, in launch_agent
    result = agent.run()
             ^^^^^^^^^^^
  File "/home/vec_norm/.venv/lib/python3.12/site-packages/torch/distributed/elastic/metrics/api.py", line 138, in wrapper
    result = f(*args, **kwargs)
             ^^^^^^^^^^^^^^^^^^
  File "/home/vec_norm/.venv/lib/python3.12/site-packages/torch/distributed/elastic/agent/server/api.py", line 717, in run
    result = self._invoke_run(role)
             ^^^^^^^^^^^^^^^^^^^^^^
  File "/home/vec_norm/.venv/lib/python3.12/site-packages/torch/distributed/elastic/agent/server/api.py", line 881, in _invoke_run
    time.sleep(monitor_interval)
  File "/home/vec_norm/.venv/lib/python3.12/site-packages/torch/distributed/elastic/multiprocessing/api.py", line 85, in _terminate_process_handler
    raise SignalException(f"Process {os.getpid()} got signal: {sigval}", sigval=sigval)
torch.distributed.elastic.multiprocessing.api.SignalException: Process 44927 got signal: 15
