W1227 00:57:12.792000 49154 torch/distributed/run.py:803] 
W1227 00:57:12.792000 49154 torch/distributed/run.py:803] *****************************************
W1227 00:57:12.792000 49154 torch/distributed/run.py:803] Setting OMP_NUM_THREADS environment variable for each process to be 1 in default, to avoid your system being overloaded, please further tune the variable for optimal performance in your application as needed. 
W1227 00:57:12.792000 49154 torch/distributed/run.py:803] *****************************************
2025-12-27 00:57:32.372	agile-bird-purrs-fin-03:0	train:417	INFO	CLI environment prepared
2025-12-27 00:57:33.121	agile-bird-purrs-fin-03:0	train:97	INFO	Configuration:
2025-12-27 00:57:33.122	agile-bird-purrs-fin-03:0	train:98	INFO	TrainConfig(run_name='OLMo-20M-tied-emb-1000', seed=6198, epoch=None, dry_run=False, model=ModelConfig(d_model=256, n_heads=8, n_kv_heads=None, clip_qkv=8.0, n_layers=8, mlp_ratio=8, mlp_hidden_size=None, activation_type='swiglu', block_type='sequential', block_group_size=1, alibi=False, alibi_bias_max=8.0, rope=True, rope_full_precision=True, rope_theta=10000, flash_attention=True, attention_dropout=0.0, multi_query_attention=False, attention_layer_norm=False, residual_dropout=0.0, embedding_dropout=0.0, embedding_layer_norm=False, layer_norm_type='default', layer_norm_with_affine=False, layer_norm_eps=1e-05, attention_layer_norm_with_affine=False, max_sequence_length=4096, include_bias=False, bias_for_layer_norm=False, scale_logits=False, vocab_size=50280, embedding_size=50304, weight_tying=True, track_embedding_gradient_provenance=True, clip_output_proj_to_embedding_grad_norm=True, output_proj_clip_window_size=5, output_proj_clip_scale_factor=0.1, eos_token_id=50279, pad_token_id=1, init_device='cuda', init_fn='mitchell', init_std=0.02, init_cutoff_factor=None, precision='amp_bf16', scale_emb_init=False, emb_init_std=None, norm_after=False), optimizer=OptimizerConfig(name='adamw', learning_rate=0.0024, weight_decay=0.1, betas=(0.9, 0.95), eps=1e-08, no_decay_norm_and_bias=None, selective_updates=False, decay_norm_and_bias=True, decay_embeddings=True, metrics_log_interval=10, record_update_metrics=False), scheduler=SchedulerConfig(name='cosine_with_warmup', units='steps', t_warmup=100, t_max=None, alpha_f=0.1, grad_clip_warmup_steps=None, grad_clip_warmup_factor=None, warmup_min_lr=None), data=DataConfig(paths=['/home/vec_norm/OLMo/data/dolma_v1_7/dolma_v1_7_30B.npy'], memmap_dtype='uint16', datasets=None, label_mask_paths=None, pad_direction='right', generate_attention_mask=False, generate_doc_lengths=False, num_workers=32, drop_last=True, pin_memory=True, prefetch_factor=4, persistent_workers=True, timeout=0, seed=None, instance_filter=None, custom_dataset=None), restore_dataloader=True, fast_forward_batches=None, evaluators=[], eval_interval=500, tokenizer=TokenizerConfig(identifier='tokenizers/allenai_eleuther-ai-gpt-neox-20b-pii-special.json', truncate_direction='right'), save_folder='/home/vec_norm/OLMo/checkpoints/OLMo-20M-tied-emb-1000', remote_save_folder=None, canceled_check_interval=50, save_interval=1000, save_interval_unsharded=500, save_interval_ephemeral=None, save_num_checkpoints_to_keep=2, save_num_unsharded_checkpoints_to_keep=2, save_overwrite=True, force_save_unsharded=False, no_pre_train_checkpoint=False, load_path=None, load_path_sharded_checkpointer=None, try_load_latest_save=False, reset_optimizer_state=False, reset_trainer_state=False, sharded_checkpointer='torch_legacy', new_style_checkpoints=None, max_duration=1000, global_train_batch_size=512, device_train_batch_size=64, device_train_microbatch_size=8, device_eval_batch_size=8, eval_subset_num_batches=-1, eval_on_load=False, device_train_grad_accum=8, max_grad_norm=1.0, max_grad_norm_ratio=None, precision='amp_bf16', wandb=WandbConfig(project='VecNorm', entity='antoniolopardo', group=None, name='OLMo-20M-tied-emb-1000', tags=['grad-provenance', 'grad-scaling', 'experiment', '1000-steps', 'tied'], log_artifacts=False, rank_zero_only=True, log_interval=1), speed_monitor=SpeedMonitorConfig(window_size=20, gpu_flops_available=None), console_log_interval=10, gen1_gc_interval=1, compile=None, distributed_strategy='ddp', fsdp=FSDPConfig(use_orig_params=True, sharding_strategy=<ShardingStrategy.FULL_SHARD: 1>, wrapping_strategy=None, precision='pure', hybrid_sharding_num_model_replicas=None), ddp=DDPConfig(grad_sync_mode='batch', find_unused_params=False), single=SingleGPUConfig(device='auto'), softmax_auxiliary_loss=False, auxiliary_loss_multiplier=0.0001, time_limit=None, extra_steps_after_cancel=10, early_stopping_factor=None, save_data_indices=True, python_profiling=False, torch_profiling=False, stop_at=None, stop_after=None, activation_checkpointing=None, fused_loss=None, hf_datasets_cache_dir=None, module_outputs_save_steps=None)
2025-12-27 00:57:33.122	agile-bird-purrs-fin-03:0	train:105	INFO	Saving config to /home/vec_norm/OLMo/checkpoints/OLMo-20M-tied-emb-1000/config.yaml
wandb: Currently logged in as: antoniolopardo to https://api.wandb.ai. Use `wandb login --relogin` to force relogin
wandb: setting up run rf4aiwu9
wandb: Tracking run with wandb version 0.23.1
wandb: Run data is saved locally in /home/vec_norm/OLMo/checkpoints/OLMo-20M-tied-emb-1000/wandb/wandb/run-20251227_005733-rf4aiwu9
wandb: Run `wandb offline` to turn off syncing.
wandb: Syncing run OLMo-20M-tied-emb-1000
wandb: ⭐️ View project at https://wandb.ai/antoniolopardo/VecNorm
wandb: 🚀 View run at https://wandb.ai/antoniolopardo/VecNorm/runs/rf4aiwu9
2025-12-27 00:57:36.492	agile-bird-purrs-fin-03:0	olmo.data.iterable_dataset:79	INFO	Saving global data order indices...
2025-12-27 00:57:36.619	agile-bird-purrs-fin-03:0	olmo.data.iterable_dataset:88	INFO	Global data order indices saved to '/home/vec_norm/OLMo/checkpoints/OLMo-20M-tied-emb-1000/train_data/global_indices.npy'
2025-12-27 00:57:36.688	agile-bird-purrs-fin-03:0	train:139	INFO	Building model...
2025-12-27 00:57:36.730	agile-bird-purrs-fin-03:0	olmo.model:1370	INFO	Initializing model parameters...
2025-12-27 00:57:36.747	agile-bird-purrs-fin-03:0	train:141	INFO	Total number of parameters: 21,266,432
2025-12-27 00:57:36.747	agile-bird-purrs-fin-03:0	train:142	INFO	Number of non-embedding parameters: 8,388,608
2025-12-27 00:57:36.759	agile-bird-purrs-fin-03:0	train:143	INFO	Peak GPU Memory (MB) before ddp: 87
2025-12-27 00:57:36.759	agile-bird-purrs-fin-03:0	train:155	INFO	Wrapping model with DDP...
2025-12-27 00:57:36.765	agile-bird-purrs-fin-03:0	olmo.model:1370	INFO	Initializing model parameters...
2025-12-27 00:57:36.769	agile-bird-purrs-fin-03:0	train:232	INFO	Peak GPU Memory (MB) after ddp: 173
2025-12-27 00:57:36.769	agile-bird-purrs-fin-03:0	train:233	INFO	Model:
2025-12-27 00:57:36.769	agile-bird-purrs-fin-03:0	train:234	INFO	DistributedDataParallel(
  (module): OLMo(
    (transformer): ModuleDict(
      (wte): Embedding(50304, 256)
      (emb_drop): Dropout(p=0.0, inplace=False)
      (ln_f): LayerNorm()
      (blocks): ModuleList(
        (0-7): 8 x OLMoSequentialBlock(
          (dropout): Dropout(p=0.0, inplace=False)
          (act): SwiGLU()
          (attn_out): Linear(in_features=256, out_features=256, bias=False)
          (ff_out): Linear(in_features=1024, out_features=256, bias=False)
          (rotary_emb): RotaryEmbedding()
          (att_proj): Linear(in_features=256, out_features=768, bias=False)
          (ff_proj): Linear(in_features=256, out_features=2048, bias=False)
          (attn_norm): LayerNorm()
          (ff_norm): LayerNorm()
        )
      )
    )
  )
)
2025-12-27 00:57:36.769	agile-bird-purrs-fin-03:0	olmo.optim:944	INFO	Constructing optimizer with 1 param groups
2025-12-27 00:57:36.770	agile-bird-purrs-fin-03:0	train:335	INFO	Saving pre-train checkpoint...
2025-12-27 00:57:37.280	agile-bird-purrs-fin-03:0	olmo.checkpoint:796	INFO	Saving model state...
2025-12-27 00:57:37.338	agile-bird-purrs-fin-03:0	olmo.checkpoint:811	INFO	Saving optim state...
2025-12-27 00:57:37.339	agile-bird-purrs-fin-03:0	olmo.checkpoint:669	INFO	Saving trainer state...
2025-12-27 00:57:37.340	agile-bird-purrs-fin-03:0	olmo.checkpoint:607	INFO	Saving config...
2025-12-27 00:57:38.147	agile-bird-purrs-fin-03:0	train:337	INFO	Checkpoint saved to /home/vec_norm/OLMo/checkpoints/OLMo-20M-tied-emb-1000/step0-unsharded
2025-12-27 00:57:38.147	agile-bird-purrs-fin-03:0	train:340	INFO	Attempting to load pre-train checkpoint...
2025-12-27 00:57:38.526	agile-bird-purrs-fin-03:0	olmo.train:412	INFO	Resetting learning rate...
2025-12-27 00:57:38.526	agile-bird-purrs-fin-03:0	olmo.train:424	INFO	Restoring RNG states...
2025-12-27 00:57:38.845	agile-bird-purrs-fin-03:0	train:344	INFO	Checkpoint successfully loaded
2025-12-27 00:57:38.846	agile-bird-purrs-fin-03:0	train:375	INFO	Starting training...
2025-12-27 00:57:38.847	agile-bird-purrs-fin-03:0	olmo.train:1146	INFO	Enabling gradient provenance tracking for tied embeddings
2025-12-27 00:57:38.847	agile-bird-purrs-fin-03:0	olmo.train:1153	INFO	Enabling output projection gradient clipping (window=5, scale=0.1)
2025-12-27 00:57:38.847	agile-bird-purrs-fin-03:0	olmo.model:1267	INFO	Output projection gradient clipping enabled (window=5, scale=0.1, threshold=rolling_avg*0.1)
2025-12-27 00:57:38.848	agile-bird-purrs-fin-03:0	olmo.train:1178	INFO	Gradient provenance CSV will be saved to /home/vec_norm/OLMo/checkpoints/OLMo-20M-tied-emb-1000/gradient_provenance.csv
2025-12-27 00:57:38.849	agile-bird-purrs-fin-03:0	olmo.train:990	INFO	Pre-train system metrics
    System/Peak GPU Memory (MB)=173.0
2025-12-27 00:57:53.173	agile-bird-purrs-fin-03:2	py.warnings:110	WARNING	sys:1: UserWarning: Full backward hook is firing when gradients are computed with respect to module outputs since no inputs require gradients. See https://docs.pytorch.org/docs/main/generated/torch.nn.Module.html#torch.nn.Module.register_full_backward_hook for more details.

2025-12-27 00:57:53.819	agile-bird-purrs-fin-03:3	py.warnings:110	WARNING	sys:1: UserWarning: Full backward hook is firing when gradients are computed with respect to module outputs since no inputs require gradients. See https://docs.pytorch.org/docs/main/generated/torch.nn.Module.html#torch.nn.Module.register_full_backward_hook for more details.

2025-12-27 00:57:53.990	agile-bird-purrs-fin-03:5	py.warnings:110	WARNING	sys:1: UserWarning: Full backward hook is firing when gradients are computed with respect to module outputs since no inputs require gradients. See https://docs.pytorch.org/docs/main/generated/torch.nn.Module.html#torch.nn.Module.register_full_backward_hook for more details.

2025-12-27 00:57:54.259	agile-bird-purrs-fin-03:0	py.warnings:110	WARNING	sys:1: UserWarning: Full backward hook is firing when gradients are computed with respect to module outputs since no inputs require gradients. See https://docs.pytorch.org/docs/main/generated/torch.nn.Module.html#torch.nn.Module.register_full_backward_hook for more details.

2025-12-27 00:57:54.289	agile-bird-purrs-fin-03:1	py.warnings:110	WARNING	sys:1: UserWarning: Full backward hook is firing when gradients are computed with respect to module outputs since no inputs require gradients. See https://docs.pytorch.org/docs/main/generated/torch.nn.Module.html#torch.nn.Module.register_full_backward_hook for more details.

2025-12-27 00:57:54.508	agile-bird-purrs-fin-03:7	py.warnings:110	WARNING	sys:1: UserWarning: Full backward hook is firing when gradients are computed with respect to module outputs since no inputs require gradients. See https://docs.pytorch.org/docs/main/generated/torch.nn.Module.html#torch.nn.Module.register_full_backward_hook for more details.

2025-12-27 00:57:54.848	agile-bird-purrs-fin-03:6	py.warnings:110	WARNING	sys:1: UserWarning: Full backward hook is firing when gradients are computed with respect to module outputs since no inputs require gradients. See https://docs.pytorch.org/docs/main/generated/torch.nn.Module.html#torch.nn.Module.register_full_backward_hook for more details.

2025-12-27 00:57:54.955	agile-bird-purrs-fin-03:4	py.warnings:110	WARNING	sys:1: UserWarning: Full backward hook is firing when gradients are computed with respect to module outputs since no inputs require gradients. See https://docs.pytorch.org/docs/main/generated/torch.nn.Module.html#torch.nn.Module.register_full_backward_hook for more details.

2025-12-27 00:58:00.517	agile-bird-purrs-fin-03:0	olmo.train:990	INFO	[step=10/1000,epoch=0]
    optim/total_grad_norm=0.9907
    train/CrossEntropyLoss=9.362
    train/Perplexity=11,633
    grad_provenance/embedding_grad_l1_norm=9.787
    grad_provenance/embedding_grad_l2_norm=0.0061
    grad_provenance/embedding_grad_mean=1.0842021724855044e-16
    grad_provenance/embedding_grad_abs_mean=1.1667118542391108e-06
    grad_provenance/output_proj_grad_l1_norm=41.28
    grad_provenance/output_proj_grad_l2_norm=0.1152
    grad_provenance/output_proj_grad_mean=3.481927745262181e-13
    grad_provenance/output_proj_grad_abs_mean=3.2051934795163106e-06
    grad_provenance/embedding_grad_rolling_avg=0.0057
    grad_provenance/output_proj_clip_threshold=0.0006
    grad_provenance/output_proj_grad_l2_norm_post_clip=0.1152
    throughput/total_tokens=20,971,520
    throughput/total_training_Gflops=4,246,863
    throughput/total_training_log_Gflops=15.26
    throughput/device/tokens_per_second=475,268
    throughput/device/batches_per_second=1.813
    System/Peak GPU Memory (MB)=21,313
2025-12-27 00:58:06.022	agile-bird-purrs-fin-03:0	olmo.train:990	INFO	[step=20/1000,epoch=0]
    optim/total_grad_norm=1.655
    train/CrossEntropyLoss=8.243
    train/Perplexity=3,799
    grad_provenance/embedding_grad_l1_norm=22.20
    grad_provenance/embedding_grad_l2_norm=0.0119
    grad_provenance/embedding_grad_mean=4.423544863740858e-16
    grad_provenance/embedding_grad_abs_mean=2.646806478878716e-06
    grad_provenance/output_proj_grad_l1_norm=33.47
    grad_provenance/output_proj_grad_l2_norm=0.1034
    grad_provenance/output_proj_grad_mean=-2.179695463564498e-14
    grad_provenance/output_proj_grad_abs_mean=2.598694209154928e-06
    grad_provenance/embedding_grad_rolling_avg=0.0109
    grad_provenance/output_proj_clip_threshold=0.0011
    grad_provenance/output_proj_grad_l2_norm_post_clip=0.1034
    throughput/total_tokens=41,943,040
    throughput/total_training_Gflops=8,493,727
    throughput/total_training_log_Gflops=15.95
    throughput/device/tokens_per_second=475,613
    throughput/device/batches_per_second=1.814
    System/Peak GPU Memory (MB)=21,313
2025-12-27 00:58:11.526	agile-bird-purrs-fin-03:0	olmo.train:990	INFO	[step=30/1000,epoch=0]
    optim/total_grad_norm=0.4087
    train/CrossEntropyLoss=7.567
    train/Perplexity=1,933
    grad_provenance/embedding_grad_l1_norm=10.51
    grad_provenance/embedding_grad_l2_norm=0.0055
    grad_provenance/embedding_grad_mean=-1.8886801844697487e-16
    grad_provenance/embedding_grad_abs_mean=1.2533332665043417e-06
    grad_provenance/output_proj_grad_l1_norm=22.39
    grad_provenance/output_proj_grad_l2_norm=0.0428
    grad_provenance/output_proj_grad_mean=-1.6901959703791852e-13
    grad_provenance/output_proj_grad_abs_mean=1.738881110213697e-06
    grad_provenance/embedding_grad_rolling_avg=0.0061
    grad_provenance/output_proj_clip_threshold=0.0006
    grad_provenance/output_proj_grad_l2_norm_post_clip=0.0428
    throughput/total_tokens=62,914,560
    throughput/total_training_Gflops=12,740,590
    throughput/total_training_log_Gflops=16.36
    throughput/device/tokens_per_second=476,339
    throughput/device/batches_per_second=1.817
    System/Peak GPU Memory (MB)=21,313
2025-12-27 00:58:17.031	agile-bird-purrs-fin-03:0	olmo.train:990	INFO	[step=40/1000,epoch=0]
    optim/total_grad_norm=0.8289
    train/CrossEntropyLoss=7.299
    train/Perplexity=1,478
    grad_provenance/embedding_grad_l1_norm=22.95
    grad_provenance/embedding_grad_l2_norm=0.0126
    grad_provenance/embedding_grad_mean=4.644722106927901e-16
    grad_provenance/embedding_grad_abs_mean=2.7355458769307006e-06
    grad_provenance/output_proj_grad_l1_norm=19.79
    grad_provenance/output_proj_grad_l2_norm=0.0716
    grad_provenance/output_proj_grad_mean=-5.117097135018574e-14
    grad_provenance/output_proj_grad_abs_mean=1.5364817045337986e-06
    grad_provenance/embedding_grad_rolling_avg=0.0117
    grad_provenance/output_proj_clip_threshold=0.0012
    grad_provenance/output_proj_grad_l2_norm_post_clip=0.0716
    throughput/total_tokens=83,886,080
    throughput/total_training_Gflops=16,987,454
    throughput/total_training_log_Gflops=16.65
    throughput/device/tokens_per_second=476,320
    throughput/device/batches_per_second=1.817
    System/Peak GPU Memory (MB)=21,313
2025-12-27 00:58:22.539	agile-bird-purrs-fin-03:0	olmo.train:990	INFO	[step=50/1000,epoch=0]
    optim/total_grad_norm=0.4844
    train/CrossEntropyLoss=6.994
    train/Perplexity=1,090
    grad_provenance/embedding_grad_l1_norm=21.69
    grad_provenance/embedding_grad_l2_norm=0.0115
    grad_provenance/embedding_grad_mean=7.784571598445922e-17
    grad_provenance/embedding_grad_abs_mean=2.5852382350421976e-06
    grad_provenance/output_proj_grad_l1_norm=20.08
    grad_provenance/output_proj_grad_l2_norm=0.0348
    grad_provenance/output_proj_grad_mean=2.2592897096619744e-15
    grad_provenance/output_proj_grad_abs_mean=1.5595721833960852e-06
    grad_provenance/embedding_grad_rolling_avg=0.0118
    grad_provenance/output_proj_clip_threshold=0.0012
    grad_provenance/output_proj_grad_l2_norm_post_clip=0.0348
    throughput/total_tokens=104,857,600
    throughput/total_training_Gflops=21,234,318
    throughput/total_training_log_Gflops=16.87
    throughput/device/tokens_per_second=476,163
    throughput/device/batches_per_second=1.816
    System/Peak GPU Memory (MB)=21,313
2025-12-27 00:58:28.049	agile-bird-purrs-fin-03:0	olmo.train:990	INFO	[step=60/1000,epoch=0]
    optim/total_grad_norm=0.7539
    train/CrossEntropyLoss=6.782
    train/Perplexity=882.2
    grad_provenance/embedding_grad_l1_norm=23.95
    grad_provenance/embedding_grad_l2_norm=0.0122
    grad_provenance/embedding_grad_mean=-5.48172618408671e-16
    grad_provenance/embedding_grad_abs_mean=2.8550298338814173e-06
    grad_provenance/output_proj_grad_l1_norm=16.05
    grad_provenance/output_proj_grad_l2_norm=0.0364
    grad_provenance/output_proj_grad_mean=7.095751700244516e-15
    grad_provenance/output_proj_grad_abs_mean=1.246640181307157e-06
    grad_provenance/embedding_grad_rolling_avg=0.0124
    grad_provenance/output_proj_clip_threshold=0.0012
    grad_provenance/output_proj_grad_l2_norm_post_clip=0.0364
    throughput/total_tokens=125,829,120
    throughput/total_training_Gflops=25,481,181
    throughput/total_training_log_Gflops=17.05
    throughput/device/tokens_per_second=475,986
    throughput/device/batches_per_second=1.816
    System/Peak GPU Memory (MB)=21,313
2025-12-27 00:58:33.558	agile-bird-purrs-fin-03:0	olmo.train:990	INFO	[step=70/1000,epoch=0]
    optim/total_grad_norm=0.4494
    train/CrossEntropyLoss=6.575
    train/Perplexity=717.3
    grad_provenance/embedding_grad_l1_norm=25.40
    grad_provenance/embedding_grad_l2_norm=0.0128
    grad_provenance/embedding_grad_mean=1.8257964584655895e-16
    grad_provenance/embedding_grad_abs_mean=3.0283554224297404e-06
    grad_provenance/output_proj_grad_l1_norm=16.16
    grad_provenance/output_proj_grad_l2_norm=0.0236
    grad_provenance/output_proj_grad_mean=1.265894381913225e-14
    grad_provenance/output_proj_grad_abs_mean=1.25478538848256e-06
    grad_provenance/embedding_grad_rolling_avg=0.0130
    grad_provenance/output_proj_clip_threshold=0.0013
    grad_provenance/output_proj_grad_l2_norm_post_clip=0.0236
    throughput/total_tokens=146,800,640
    throughput/total_training_Gflops=29,728,045
    throughput/total_training_log_Gflops=17.21
    throughput/device/tokens_per_second=475,899
    throughput/device/batches_per_second=1.815
    System/Peak GPU Memory (MB)=21,313
2025-12-27 00:58:39.065	agile-bird-purrs-fin-03:0	olmo.train:990	INFO	[step=80/1000,epoch=0]
    optim/total_grad_norm=0.4455
    train/CrossEntropyLoss=6.413
    train/Perplexity=609.5
    grad_provenance/embedding_grad_l1_norm=25.10
    grad_provenance/embedding_grad_l2_norm=0.0128
    grad_provenance/embedding_grad_mean=-2.680147770384167e-16
    grad_provenance/embedding_grad_abs_mean=2.991944711538963e-06
    grad_provenance/output_proj_grad_l1_norm=15.57
    grad_provenance/output_proj_grad_l2_norm=0.0375
    grad_provenance/output_proj_grad_mean=6.2216840024127e-14
    grad_provenance/output_proj_grad_abs_mean=1.2093928489775863e-06
    grad_provenance/embedding_grad_rolling_avg=0.0135
    grad_provenance/output_proj_clip_threshold=0.0013
    grad_provenance/output_proj_grad_l2_norm_post_clip=0.0375
    throughput/total_tokens=167,772,160
    throughput/total_training_Gflops=33,974,909
    throughput/total_training_log_Gflops=17.34
    throughput/device/tokens_per_second=475,994
    throughput/device/batches_per_second=1.816
    System/Peak GPU Memory (MB)=21,313
2025-12-27 00:58:44.574	agile-bird-purrs-fin-03:0	olmo.train:990	INFO	[step=90/1000,epoch=0]
    optim/total_grad_norm=0.5204
    train/CrossEntropyLoss=6.362
    train/Perplexity=579.3
    grad_provenance/embedding_grad_l1_norm=25.51
    grad_provenance/embedding_grad_l2_norm=0.0130
    grad_provenance/embedding_grad_mean=-1.9949319973733282e-16
    grad_provenance/embedding_grad_abs_mean=3.041514901269693e-06
    grad_provenance/output_proj_grad_l1_norm=17.14
    grad_provenance/output_proj_grad_l2_norm=0.0382
    grad_provenance/output_proj_grad_mean=-1.3537658339712703e-14
    grad_provenance/output_proj_grad_abs_mean=1.3309427231433801e-06
    grad_provenance/embedding_grad_rolling_avg=0.0132
    grad_provenance/output_proj_clip_threshold=0.0013
    grad_provenance/output_proj_grad_l2_norm_post_clip=0.0382
    throughput/total_tokens=188,743,680
    throughput/total_training_Gflops=38,221,772
    throughput/total_training_log_Gflops=17.46
    throughput/device/tokens_per_second=476,049
    throughput/device/batches_per_second=1.816
    System/Peak GPU Memory (MB)=21,313
2025-12-27 00:58:50.094	agile-bird-purrs-fin-03:0	olmo.train:990	INFO	[step=100/1000,epoch=0]
    optim/total_grad_norm=0.4177
    train/CrossEntropyLoss=6.210
    train/Perplexity=497.8
    grad_provenance/embedding_grad_l1_norm=24.23
    grad_provenance/embedding_grad_l2_norm=0.0122
    grad_provenance/embedding_grad_mean=9.063930161978817e-17
    grad_provenance/embedding_grad_abs_mean=2.888767085096333e-06
    grad_provenance/output_proj_grad_l1_norm=14.09
    grad_provenance/output_proj_grad_l2_norm=0.0234
    grad_provenance/output_proj_grad_mean=3.521222010261123e-14
    grad_provenance/output_proj_grad_abs_mean=1.0942990229523275e-06
    grad_provenance/embedding_grad_rolling_avg=0.0130
    grad_provenance/output_proj_clip_threshold=0.0013
    grad_provenance/output_proj_grad_l2_norm_post_clip=0.0234
    throughput/total_tokens=209,715,200
    throughput/total_training_Gflops=42,468,636
    throughput/total_training_log_Gflops=17.56
    throughput/device/tokens_per_second=475,667
    throughput/device/batches_per_second=1.815
    System/Peak GPU Memory (MB)=21,313
2025-12-27 00:58:55.622	agile-bird-purrs-fin-03:0	olmo.train:990	INFO	[step=110/1000,epoch=0]
    optim/total_grad_norm=0.3832
    train/CrossEntropyLoss=6.058
    train/Perplexity=427.6
    grad_provenance/embedding_grad_l1_norm=27.53
    grad_provenance/embedding_grad_l2_norm=0.0138
    grad_provenance/embedding_grad_mean=-4.939625097843958e-16
    grad_provenance/embedding_grad_abs_mean=3.2814812129799975e-06
    grad_provenance/output_proj_grad_l1_norm=18.37
    grad_provenance/output_proj_grad_l2_norm=0.0474
    grad_provenance/output_proj_grad_mean=3.356469832974107e-13
    grad_provenance/output_proj_grad_abs_mean=1.4267895949160447e-06
    grad_provenance/embedding_grad_rolling_avg=0.0132
    grad_provenance/output_proj_clip_threshold=0.0013
    grad_provenance/output_proj_grad_l2_norm_post_clip=0.0474
    throughput/total_tokens=230,686,720
    throughput/total_training_Gflops=46,715,500
    throughput/total_training_log_Gflops=17.66
    throughput/device/tokens_per_second=474,802
    throughput/device/batches_per_second=1.811
    System/Peak GPU Memory (MB)=21,313
2025-12-27 00:59:01.146	agile-bird-purrs-fin-03:0	olmo.train:990	INFO	[step=120/1000,epoch=0]
    optim/total_grad_norm=0.8321
    train/CrossEntropyLoss=5.996
    train/Perplexity=401.7
    grad_provenance/embedding_grad_l1_norm=28.75
    grad_provenance/embedding_grad_l2_norm=0.0142
    grad_provenance/embedding_grad_mean=-3.2612801348363973e-16
    grad_provenance/embedding_grad_abs_mean=3.4272359243914252e-06
    grad_provenance/output_proj_grad_l1_norm=15.50
    grad_provenance/output_proj_grad_l2_norm=0.0396
    grad_provenance/output_proj_grad_mean=4.010390991190417e-14
    grad_provenance/output_proj_grad_abs_mean=1.2034067822241923e-06
    grad_provenance/embedding_grad_rolling_avg=0.0141
    grad_provenance/output_proj_clip_threshold=0.0014
    grad_provenance/output_proj_grad_l2_norm_post_clip=0.0396
    throughput/total_tokens=251,658,240
    throughput/total_training_Gflops=50,962,363
    throughput/total_training_log_Gflops=17.75
    throughput/device/tokens_per_second=474,615
    throughput/device/batches_per_second=1.811
    System/Peak GPU Memory (MB)=21,313
2025-12-27 00:59:06.670	agile-bird-purrs-fin-03:0	olmo.train:990	INFO	[step=130/1000,epoch=0]
    optim/total_grad_norm=0.3246
    train/CrossEntropyLoss=5.885
    train/Perplexity=359.7
    grad_provenance/embedding_grad_l1_norm=27.28
    grad_provenance/embedding_grad_l2_norm=0.0137
    grad_provenance/embedding_grad_mean=-3.8424124992886277e-16
    grad_provenance/embedding_grad_abs_mean=3.2524976631975733e-06
    grad_provenance/output_proj_grad_l1_norm=16.66
    grad_provenance/output_proj_grad_l2_norm=0.0326
    grad_provenance/output_proj_grad_mean=-1.1975774647128568e-13
    grad_provenance/output_proj_grad_abs_mean=1.293465174967423e-06
    grad_provenance/embedding_grad_rolling_avg=0.0133
    grad_provenance/output_proj_clip_threshold=0.0013
    grad_provenance/output_proj_grad_l2_norm_post_clip=0.0326
    throughput/total_tokens=272,629,760
    throughput/total_training_Gflops=55,209,227
    throughput/total_training_log_Gflops=17.83
    throughput/device/tokens_per_second=474,797
    throughput/device/batches_per_second=1.811
    System/Peak GPU Memory (MB)=21,313
2025-12-27 00:59:12.195	agile-bird-purrs-fin-03:0	olmo.train:990	INFO	[step=140/1000,epoch=0]
    optim/total_grad_norm=0.8062
    train/CrossEntropyLoss=5.817
    train/Perplexity=336.1
    grad_provenance/embedding_grad_l1_norm=27.81
    grad_provenance/embedding_grad_l2_norm=0.0138
    grad_provenance/embedding_grad_mean=2.5283594662361963e-16
    grad_provenance/embedding_grad_abs_mean=3.31543469656026e-06
    grad_provenance/output_proj_grad_l1_norm=15.77
    grad_provenance/output_proj_grad_l2_norm=0.0347
    grad_provenance/output_proj_grad_mean=2.0609185744698694e-14
    grad_provenance/output_proj_grad_abs_mean=1.2247966196810012e-06
    grad_provenance/embedding_grad_rolling_avg=0.0145
    grad_provenance/output_proj_clip_threshold=0.0015
    grad_provenance/output_proj_grad_l2_norm_post_clip=0.0347
    throughput/total_tokens=293,601,280
    throughput/total_training_Gflops=59,456,091
    throughput/total_training_log_Gflops=17.90
    throughput/device/tokens_per_second=474,777
    throughput/device/batches_per_second=1.811
    System/Peak GPU Memory (MB)=21,313
2025-12-27 00:59:17.722	agile-bird-purrs-fin-03:0	olmo.train:990	INFO	[step=150/1000,epoch=0]
    optim/total_grad_norm=0.2928
    train/CrossEntropyLoss=5.710
    train/Perplexity=301.7
    grad_provenance/embedding_grad_l1_norm=24.91
    grad_provenance/embedding_grad_l2_norm=0.0126
    grad_provenance/embedding_grad_mean=1.242495689668388e-16
    grad_provenance/embedding_grad_abs_mean=2.969260776808369e-06
    grad_provenance/output_proj_grad_l1_norm=13.91
    grad_provenance/output_proj_grad_l2_norm=0.0184
    grad_provenance/output_proj_grad_mean=1.4416937831268975e-14
    grad_provenance/output_proj_grad_abs_mean=1.0802164069900755e-06
    grad_provenance/embedding_grad_rolling_avg=0.0133
    grad_provenance/output_proj_clip_threshold=0.0013
    grad_provenance/output_proj_grad_l2_norm_post_clip=0.0184
    throughput/total_tokens=314,572,800
    throughput/total_training_Gflops=63,702,954
    throughput/total_training_log_Gflops=17.97
    throughput/device/tokens_per_second=474,649
    throughput/device/batches_per_second=1.811
    System/Peak GPU Memory (MB)=21,313
2025-12-27 00:59:23.249	agile-bird-purrs-fin-03:0	olmo.train:990	INFO	[step=160/1000,epoch=0]
    optim/total_grad_norm=0.3626
    train/CrossEntropyLoss=5.591
    train/Perplexity=268.1
    grad_provenance/embedding_grad_l1_norm=24.71
    grad_provenance/embedding_grad_l2_norm=0.0124
    grad_provenance/embedding_grad_mean=-3.7296554733501353e-16
    grad_provenance/embedding_grad_abs_mean=2.945778078355943e-06
    grad_provenance/output_proj_grad_l1_norm=13.24
    grad_provenance/output_proj_grad_l2_norm=0.0190
    grad_provenance/output_proj_grad_mean=1.675102012665703e-14
    grad_provenance/output_proj_grad_abs_mean=1.0282475386702572e-06
    grad_provenance/embedding_grad_rolling_avg=0.0132
    grad_provenance/output_proj_clip_threshold=0.0013
    grad_provenance/output_proj_grad_l2_norm_post_clip=0.0190
    throughput/total_tokens=335,544,320
    throughput/total_training_Gflops=67,949,818
    throughput/total_training_log_Gflops=18.03
    throughput/device/tokens_per_second=474,540
    throughput/device/batches_per_second=1.810
    System/Peak GPU Memory (MB)=21,313
2025-12-27 00:59:28.777	agile-bird-purrs-fin-03:0	olmo.train:990	INFO	[step=170/1000,epoch=0]
    optim/total_grad_norm=0.3184
    train/CrossEntropyLoss=5.535
    train/Perplexity=253.4
    grad_provenance/embedding_grad_l1_norm=25.79
    grad_provenance/embedding_grad_l2_norm=0.0129
    grad_provenance/embedding_grad_mean=-6.852157730108388e-17
    grad_provenance/embedding_grad_abs_mean=3.074771029787371e-06
    grad_provenance/output_proj_grad_l1_norm=15.03
    grad_provenance/output_proj_grad_l2_norm=0.0199
    grad_provenance/output_proj_grad_mean=-1.61441398664324e-15
    grad_provenance/output_proj_grad_abs_mean=1.1669309287754004e-06
    grad_provenance/embedding_grad_rolling_avg=0.0130
    grad_provenance/output_proj_clip_threshold=0.0013
    grad_provenance/output_proj_grad_l2_norm_post_clip=0.0199
    throughput/total_tokens=356,515,840
    throughput/total_training_Gflops=72,196,682
    throughput/total_training_log_Gflops=18.09
    throughput/device/tokens_per_second=474,489
    throughput/device/batches_per_second=1.810
    System/Peak GPU Memory (MB)=21,313
2025-12-27 00:59:34.304	agile-bird-purrs-fin-03:0	olmo.train:990	INFO	[step=180/1000,epoch=0]
    optim/total_grad_norm=0.6057
    train/CrossEntropyLoss=5.555
    train/Perplexity=258.6
    grad_provenance/embedding_grad_l1_norm=27.29
    grad_provenance/embedding_grad_l2_norm=0.0137
    grad_provenance/embedding_grad_mean=7.41594285980085e-17
    grad_provenance/embedding_grad_abs_mean=3.252871010772651e-06
    grad_provenance/output_proj_grad_l1_norm=15.43
    grad_provenance/output_proj_grad_l2_norm=0.0260
    grad_provenance/output_proj_grad_mean=1.0736337085212946e-13
    grad_provenance/output_proj_grad_abs_mean=1.197951746689796e-06
    grad_provenance/embedding_grad_rolling_avg=0.0136
    grad_provenance/output_proj_clip_threshold=0.0014
    grad_provenance/output_proj_grad_l2_norm_post_clip=0.0260
    throughput/total_tokens=377,487,360
    throughput/total_training_Gflops=76,443,545
    throughput/total_training_log_Gflops=18.15
    throughput/device/tokens_per_second=474,473
    throughput/device/batches_per_second=1.810
    System/Peak GPU Memory (MB)=21,313
2025-12-27 00:59:39.830	agile-bird-purrs-fin-03:0	olmo.train:990	INFO	[step=190/1000,epoch=0]
    optim/total_grad_norm=0.2429
    train/CrossEntropyLoss=5.405
    train/Perplexity=222.5
    grad_provenance/embedding_grad_l1_norm=26.87
    grad_provenance/embedding_grad_l2_norm=0.0136
    grad_provenance/embedding_grad_mean=2.2854981795994433e-16
    grad_provenance/embedding_grad_abs_mean=3.2035991353041027e-06
    grad_provenance/output_proj_grad_l1_norm=14.55
    grad_provenance/output_proj_grad_l2_norm=0.0314
    grad_provenance/output_proj_grad_mean=-2.4263739888813474e-14
    grad_provenance/output_proj_grad_abs_mean=1.1300927553747897e-06
    grad_provenance/embedding_grad_rolling_avg=0.0133
    grad_provenance/output_proj_clip_threshold=0.0013
    grad_provenance/output_proj_grad_l2_norm_post_clip=0.0314
    throughput/total_tokens=398,458,880
    throughput/total_training_Gflops=80,690,409
    throughput/total_training_log_Gflops=18.21
    throughput/device/tokens_per_second=474,603
    throughput/device/batches_per_second=1.810
    System/Peak GPU Memory (MB)=21,313
2025-12-27 00:59:45.355	agile-bird-purrs-fin-03:0	olmo.train:990	INFO	[step=200/1000,epoch=0]
    optim/total_grad_norm=0.3630
    train/CrossEntropyLoss=5.392
    train/Perplexity=219.6
    grad_provenance/embedding_grad_l1_norm=26.83
    grad_provenance/embedding_grad_l2_norm=0.0136
    grad_provenance/embedding_grad_mean=-1.8301332671555315e-16
    grad_provenance/embedding_grad_abs_mean=3.198522790626157e-06
    grad_provenance/output_proj_grad_l1_norm=14.18
    grad_provenance/output_proj_grad_l2_norm=0.0223
    grad_provenance/output_proj_grad_mean=-8.686888014475258e-14
    grad_provenance/output_proj_grad_abs_mean=1.1010858997906325e-06
    grad_provenance/embedding_grad_rolling_avg=0.0135
    grad_provenance/output_proj_clip_threshold=0.0013
    grad_provenance/output_proj_grad_l2_norm_post_clip=0.0223
    throughput/total_tokens=419,430,400
    throughput/total_training_Gflops=84,937,273
    throughput/total_training_log_Gflops=18.26
    throughput/device/tokens_per_second=474,682
    throughput/device/batches_per_second=1.811
    System/Peak GPU Memory (MB)=21,313
2025-12-27 00:59:50.892	agile-bird-purrs-fin-03:0	olmo.train:990	INFO	[step=210/1000,epoch=0]
    optim/total_grad_norm=0.4291
    train/CrossEntropyLoss=5.356
    train/Perplexity=211.8
    grad_provenance/embedding_grad_l1_norm=26.06
    grad_provenance/embedding_grad_l2_norm=0.0129
    grad_provenance/embedding_grad_mean=1.3357370765021415e-16
    grad_provenance/embedding_grad_abs_mean=3.1066722385730827e-06
    grad_provenance/output_proj_grad_l1_norm=14.81
    grad_provenance/output_proj_grad_l2_norm=0.0223
    grad_provenance/output_proj_grad_mean=-7.423790450650572e-14
    grad_provenance/output_proj_grad_abs_mean=1.1500430900923675e-06
    grad_provenance/embedding_grad_rolling_avg=0.0130
    grad_provenance/output_proj_clip_threshold=0.0013
    grad_provenance/output_proj_grad_l2_norm_post_clip=0.0223
    throughput/total_tokens=440,401,920
    throughput/total_training_Gflops=89,184,136
    throughput/total_training_log_Gflops=18.31
    throughput/device/tokens_per_second=474,188
    throughput/device/batches_per_second=1.809
    System/Peak GPU Memory (MB)=21,313
2025-12-27 00:59:56.427	agile-bird-purrs-fin-03:0	olmo.train:990	INFO	[step=220/1000,epoch=0]
    optim/total_grad_norm=0.3724
    train/CrossEntropyLoss=5.284
    train/Perplexity=197.2
    grad_provenance/embedding_grad_l1_norm=26.39
    grad_provenance/embedding_grad_l2_norm=0.0131
    grad_provenance/embedding_grad_mean=-6.591949208711867e-17
    grad_provenance/embedding_grad_abs_mean=3.146149083477212e-06
    grad_provenance/output_proj_grad_l1_norm=16.76
    grad_provenance/output_proj_grad_l2_norm=0.0270
    grad_provenance/output_proj_grad_mean=-9.504526207954403e-14
    grad_provenance/output_proj_grad_abs_mean=1.3014137039135676e-06
    grad_provenance/embedding_grad_rolling_avg=0.0134
    grad_provenance/output_proj_clip_threshold=0.0013
    grad_provenance/output_proj_grad_l2_norm_post_clip=0.0270
    throughput/total_tokens=461,373,440
    throughput/total_training_Gflops=93,431,000
    throughput/total_training_log_Gflops=18.35
    throughput/device/tokens_per_second=473,770
    throughput/device/batches_per_second=1.807
    System/Peak GPU Memory (MB)=21,313
2025-12-27 01:00:01.959	agile-bird-purrs-fin-03:0	olmo.train:990	INFO	[step=230/1000,epoch=0]
    optim/total_grad_norm=0.3329
    train/CrossEntropyLoss=5.279
    train/Perplexity=196.3
    grad_provenance/embedding_grad_l1_norm=26.07
    grad_provenance/embedding_grad_l2_norm=0.0133
    grad_provenance/embedding_grad_mean=-1.0473392986209973e-16
    grad_provenance/embedding_grad_abs_mean=3.1072979709279025e-06
    grad_provenance/output_proj_grad_l1_norm=13.14
    grad_provenance/output_proj_grad_l2_norm=0.0192
    grad_provenance/output_proj_grad_mean=-3.169969305496026e-14
    grad_provenance/output_proj_grad_abs_mean=1.0202001021752949e-06
    grad_provenance/embedding_grad_rolling_avg=0.0138
    grad_provenance/output_proj_clip_threshold=0.0014
    grad_provenance/output_proj_grad_l2_norm_post_clip=0.0192
    throughput/total_tokens=482,344,960
    throughput/total_training_Gflops=97,677,864
    throughput/total_training_log_Gflops=18.40
    throughput/device/tokens_per_second=473,961
    throughput/device/batches_per_second=1.808
    System/Peak GPU Memory (MB)=21,313
2025-12-27 01:00:07.493	agile-bird-purrs-fin-03:0	olmo.train:990	INFO	[step=240/1000,epoch=0]
    optim/total_grad_norm=0.6265
    train/CrossEntropyLoss=5.189
    train/Perplexity=179.2
    grad_provenance/embedding_grad_l1_norm=26.76
    grad_provenance/embedding_grad_l2_norm=0.0132
    grad_provenance/embedding_grad_mean=-2.3158558404290375e-16
    grad_provenance/embedding_grad_abs_mean=3.1899567147775088e-06
    grad_provenance/output_proj_grad_l1_norm=14.44
    grad_provenance/output_proj_grad_l2_norm=0.0210
    grad_provenance/output_proj_grad_mean=-8.95848303037513e-15
    grad_provenance/output_proj_grad_abs_mean=1.1212919162062462e-06
    grad_provenance/embedding_grad_rolling_avg=0.0137
    grad_provenance/output_proj_clip_threshold=0.0014
    grad_provenance/output_proj_grad_l2_norm_post_clip=0.0210
    throughput/total_tokens=503,316,480
    throughput/total_training_Gflops=101,924,727
    throughput/total_training_log_Gflops=18.44
    throughput/device/tokens_per_second=474,000
    throughput/device/batches_per_second=1.808
    System/Peak GPU Memory (MB)=21,313
2025-12-27 01:00:13.025	agile-bird-purrs-fin-03:0	olmo.train:990	INFO	[step=250/1000,epoch=0]
    optim/total_grad_norm=0.2368
    train/CrossEntropyLoss=5.153
    train/Perplexity=173.0
    grad_provenance/embedding_grad_l1_norm=27.30
    grad_provenance/embedding_grad_l2_norm=0.0137
    grad_provenance/embedding_grad_mean=-4.3151246464923076e-17
    grad_provenance/embedding_grad_abs_mean=3.254412604292156e-06
    grad_provenance/output_proj_grad_l1_norm=14.85
    grad_provenance/output_proj_grad_l2_norm=0.0181
    grad_provenance/output_proj_grad_mean=-4.107005940846495e-14
    grad_provenance/output_proj_grad_abs_mean=1.1528651384651312e-06
    grad_provenance/embedding_grad_rolling_avg=0.0136
    grad_provenance/output_proj_clip_threshold=0.0014
    grad_provenance/output_proj_grad_l2_norm_post_clip=0.0181
    throughput/total_tokens=524,288,000
    throughput/total_training_Gflops=106,171,591
    throughput/total_training_log_Gflops=18.48
    throughput/device/tokens_per_second=474,012
    throughput/device/batches_per_second=1.808
    System/Peak GPU Memory (MB)=21,313
2025-12-27 01:00:18.561	agile-bird-purrs-fin-03:0	olmo.train:990	INFO	[step=260/1000,epoch=0]
    optim/total_grad_norm=0.3517
    train/CrossEntropyLoss=5.100
    train/Perplexity=164.0
    grad_provenance/embedding_grad_l1_norm=26.79
    grad_provenance/embedding_grad_l2_norm=0.0133
    grad_provenance/embedding_grad_mean=8.391724815037804e-17
    grad_provenance/embedding_grad_abs_mean=3.1938711799739394e-06
    grad_provenance/output_proj_grad_l1_norm=14.06
    grad_provenance/output_proj_grad_l2_norm=0.0251
    grad_provenance/output_proj_grad_mean=-1.5258355288896158e-13
    grad_provenance/output_proj_grad_abs_mean=1.0919609394477447e-06
    grad_provenance/embedding_grad_rolling_avg=0.0136
    grad_provenance/output_proj_clip_threshold=0.0014
    grad_provenance/output_proj_grad_l2_norm_post_clip=0.0251
    throughput/total_tokens=545,259,520
    throughput/total_training_Gflops=110,418,455
    throughput/total_training_log_Gflops=18.52
    throughput/device/tokens_per_second=473,960
    throughput/device/batches_per_second=1.808
    System/Peak GPU Memory (MB)=21,313
2025-12-27 01:00:24.086	agile-bird-purrs-fin-03:0	olmo.train:990	INFO	[step=270/1000,epoch=0]
    optim/total_grad_norm=0.3425
    train/CrossEntropyLoss=5.061
    train/Perplexity=157.7
    grad_provenance/embedding_grad_l1_norm=27.85
    grad_provenance/embedding_grad_l2_norm=0.0138
    grad_provenance/embedding_grad_mean=-2.5261910618912253e-16
    grad_provenance/embedding_grad_abs_mean=3.319479219499044e-06
    grad_provenance/output_proj_grad_l1_norm=15.52
    grad_provenance/output_proj_grad_l2_norm=0.0273
    grad_provenance/output_proj_grad_mean=8.304680321246163e-14
    grad_provenance/output_proj_grad_abs_mean=1.205071839649463e-06
    grad_provenance/embedding_grad_rolling_avg=0.0137
    grad_provenance/output_proj_clip_threshold=0.0014
    grad_provenance/output_proj_grad_l2_norm_post_clip=0.0273
    throughput/total_tokens=566,231,040
    throughput/total_training_Gflops=114,665,318
    throughput/total_training_log_Gflops=18.56
    throughput/device/tokens_per_second=474,261
    throughput/device/batches_per_second=1.809
    System/Peak GPU Memory (MB)=21,313
2025-12-27 01:00:29.613	agile-bird-purrs-fin-03:0	olmo.train:990	INFO	[step=280/1000,epoch=0]
    optim/total_grad_norm=0.3959
    train/CrossEntropyLoss=5.045
    train/Perplexity=155.2
    grad_provenance/embedding_grad_l1_norm=28.22
    grad_provenance/embedding_grad_l2_norm=0.0141
    grad_provenance/embedding_grad_mean=-1.4289784633358948e-16
    grad_provenance/embedding_grad_abs_mean=3.363554696989013e-06
    grad_provenance/output_proj_grad_l1_norm=14.41
    grad_provenance/output_proj_grad_l2_norm=0.0264
    grad_provenance/output_proj_grad_mean=-6.583481589744755e-14
    grad_provenance/output_proj_grad_abs_mean=1.1192666988790734e-06
    grad_provenance/embedding_grad_rolling_avg=0.0135
    grad_provenance/output_proj_clip_threshold=0.0014
    grad_provenance/output_proj_grad_l2_norm_post_clip=0.0264
    throughput/total_tokens=587,202,560
    throughput/total_training_Gflops=118,912,182
    throughput/total_training_log_Gflops=18.59
    throughput/device/tokens_per_second=474,659
    throughput/device/batches_per_second=1.811
    System/Peak GPU Memory (MB)=21,313
2025-12-27 01:00:35.137	agile-bird-purrs-fin-03:0	olmo.train:990	INFO	[step=290/1000,epoch=0]
    optim/total_grad_norm=0.3239
    train/CrossEntropyLoss=4.992
    train/Perplexity=147.2
    grad_provenance/embedding_grad_l1_norm=26.09
    grad_provenance/embedding_grad_l2_norm=0.0130
    grad_provenance/embedding_grad_mean=-2.888314587501384e-16
    grad_provenance/embedding_grad_abs_mean=3.110654688498471e-06
    grad_provenance/output_proj_grad_l1_norm=14.01
    grad_provenance/output_proj_grad_l2_norm=0.0371
    grad_provenance/output_proj_grad_mean=6.87205487285257e-14
    grad_provenance/output_proj_grad_abs_mean=1.0880720537898014e-06
    grad_provenance/embedding_grad_rolling_avg=0.0137
    grad_provenance/output_proj_clip_threshold=0.0014
    grad_provenance/output_proj_grad_l2_norm_post_clip=0.0371
    throughput/total_tokens=608,174,080
    throughput/total_training_Gflops=123,159,046
    throughput/total_training_log_Gflops=18.63
    throughput/device/tokens_per_second=474,683
    throughput/device/batches_per_second=1.811
    System/Peak GPU Memory (MB)=21,313
2025-12-27 01:00:40.663	agile-bird-purrs-fin-03:0	olmo.train:990	INFO	[step=300/1000,epoch=0]
    optim/total_grad_norm=0.3792
    train/CrossEntropyLoss=4.991
    train/Perplexity=147.2
    grad_provenance/embedding_grad_l1_norm=27.29
    grad_provenance/embedding_grad_l2_norm=0.0138
    grad_provenance/embedding_grad_mean=-4.7271214720367993e-17
    grad_provenance/embedding_grad_abs_mean=3.2527921121072723e-06
    grad_provenance/output_proj_grad_l1_norm=13.56
    grad_provenance/output_proj_grad_l2_norm=0.0201
    grad_provenance/output_proj_grad_mean=5.6375812628210384e-14
    grad_provenance/output_proj_grad_abs_mean=1.053295250130759e-06
    grad_provenance/embedding_grad_rolling_avg=0.0138
    grad_provenance/output_proj_clip_threshold=0.0014
    grad_provenance/output_proj_grad_l2_norm_post_clip=0.0201
    throughput/total_tokens=629,145,600
    throughput/total_training_Gflops=127,405,909
    throughput/total_training_log_Gflops=18.66
    throughput/device/tokens_per_second=474,703
    throughput/device/batches_per_second=1.811
    System/Peak GPU Memory (MB)=21,313
2025-12-27 01:00:46.191	agile-bird-purrs-fin-03:0	olmo.train:990	INFO	[step=310/1000,epoch=0]
    optim/total_grad_norm=0.2591
    train/CrossEntropyLoss=4.913
    train/Perplexity=136.1
    grad_provenance/embedding_grad_l1_norm=28.61
    grad_provenance/embedding_grad_l2_norm=0.0144
    grad_provenance/embedding_grad_mean=-2.701831813833877e-16
    grad_provenance/embedding_grad_abs_mean=3.410067165532382e-06
    grad_provenance/output_proj_grad_l1_norm=14.92
    grad_provenance/output_proj_grad_l2_norm=0.0313
    grad_provenance/output_proj_grad_mean=-5.883645350437949e-14
    grad_provenance/output_proj_grad_abs_mean=1.158583359028853e-06
    grad_provenance/embedding_grad_rolling_avg=0.0141
    grad_provenance/output_proj_clip_threshold=0.0014
    grad_provenance/output_proj_grad_l2_norm_post_clip=0.0313
    throughput/total_tokens=650,117,120
    throughput/total_training_Gflops=131,652,773
    throughput/total_training_log_Gflops=18.70
    throughput/device/tokens_per_second=474,577
    throughput/device/batches_per_second=1.810
    System/Peak GPU Memory (MB)=21,313
2025-12-27 01:00:51.716	agile-bird-purrs-fin-03:0	olmo.train:990	INFO	[step=320/1000,epoch=0]
    optim/total_grad_norm=0.4370
    train/CrossEntropyLoss=4.906
    train/Perplexity=135.1
    grad_provenance/embedding_grad_l1_norm=26.46
    grad_provenance/embedding_grad_l2_norm=0.0133
    grad_provenance/embedding_grad_mean=3.2504381131115423e-16
    grad_provenance/embedding_grad_abs_mean=3.154853857267881e-06
    grad_provenance/output_proj_grad_l1_norm=15.98
    grad_provenance/output_proj_grad_l2_norm=0.0400
    grad_provenance/output_proj_grad_mean=-4.270085871807723e-14
    grad_provenance/output_proj_grad_abs_mean=1.240797928403481e-06
    grad_provenance/embedding_grad_rolling_avg=0.0142
    grad_provenance/output_proj_clip_threshold=0.0014
    grad_provenance/output_proj_grad_l2_norm_post_clip=0.0400
    throughput/total_tokens=671,088,640
    throughput/total_training_Gflops=135,899,637
    throughput/total_training_log_Gflops=18.73
    throughput/device/tokens_per_second=474,634
    throughput/device/batches_per_second=1.811
    System/Peak GPU Memory (MB)=21,313
2025-12-27 01:00:57.232	agile-bird-purrs-fin-03:0	olmo.train:990	INFO	[step=330/1000,epoch=0]
    optim/total_grad_norm=0.2993
    train/CrossEntropyLoss=4.849
    train/Perplexity=127.6
    grad_provenance/embedding_grad_l1_norm=27.46
    grad_provenance/embedding_grad_l2_norm=0.0138
    grad_provenance/embedding_grad_mean=-1.43982048506075e-16
    grad_provenance/embedding_grad_abs_mean=3.273578386142617e-06
    grad_provenance/output_proj_grad_l1_norm=13.62
    grad_provenance/output_proj_grad_l2_norm=0.0182
    grad_provenance/output_proj_grad_mean=2.8475597666508326e-14
    grad_provenance/output_proj_grad_abs_mean=1.0574850648481515e-06
    grad_provenance/embedding_grad_rolling_avg=0.0153
    grad_provenance/output_proj_clip_threshold=0.0015
    grad_provenance/output_proj_grad_l2_norm_post_clip=0.0182
    throughput/total_tokens=692,060,160
    throughput/total_training_Gflops=140,146,500
    throughput/total_training_log_Gflops=18.76
    throughput/device/tokens_per_second=474,959
    throughput/device/batches_per_second=1.812
    System/Peak GPU Memory (MB)=21,313
2025-12-27 01:01:02.752	agile-bird-purrs-fin-03:0	olmo.train:990	INFO	[step=340/1000,epoch=0]
    optim/total_grad_norm=0.3923
    train/CrossEntropyLoss=4.877
    train/Perplexity=131.3
    grad_provenance/embedding_grad_l1_norm=26.32
    grad_provenance/embedding_grad_l2_norm=0.0133
    grad_provenance/embedding_grad_mean=-1.7564075194265172e-16
    grad_provenance/embedding_grad_abs_mean=3.1372187550005037e-06
    grad_provenance/output_proj_grad_l1_norm=12.28
    grad_provenance/output_proj_grad_l2_norm=0.0155
    grad_provenance/output_proj_grad_mean=-7.462788863981697e-15
    grad_provenance/output_proj_grad_abs_mean=9.535502272228769e-07
    grad_provenance/embedding_grad_rolling_avg=0.0139
    grad_provenance/output_proj_clip_threshold=0.0014
    grad_provenance/output_proj_grad_l2_norm_post_clip=0.0155
    throughput/total_tokens=713,031,680
    throughput/total_training_Gflops=144,393,364
    throughput/total_training_log_Gflops=18.79
    throughput/device/tokens_per_second=475,167
    throughput/device/batches_per_second=1.813
    System/Peak GPU Memory (MB)=21,313
2025-12-27 01:01:08.268	agile-bird-purrs-fin-03:0	olmo.train:990	INFO	[step=350/1000,epoch=0]
    optim/total_grad_norm=0.4840
    train/CrossEntropyLoss=4.782
    train/Perplexity=119.4
    grad_provenance/embedding_grad_l1_norm=28.96
    grad_provenance/embedding_grad_l2_norm=0.0147
    grad_provenance/embedding_grad_mean=-1.3682631416767066e-16
    grad_provenance/embedding_grad_abs_mean=3.4520544431870803e-06
    grad_provenance/output_proj_grad_l1_norm=13.54
    grad_provenance/output_proj_grad_l2_norm=0.0219
    grad_provenance/output_proj_grad_mean=-1.244129175766509e-13
    grad_provenance/output_proj_grad_abs_mean=1.0512919743632665e-06
    grad_provenance/embedding_grad_rolling_avg=0.0153
    grad_provenance/output_proj_clip_threshold=0.0015
    grad_provenance/output_proj_grad_l2_norm_post_clip=0.0219
    throughput/total_tokens=734,003,200
    throughput/total_training_Gflops=148,640,228
    throughput/total_training_log_Gflops=18.82
    throughput/device/tokens_per_second=475,158
    throughput/device/batches_per_second=1.813
    System/Peak GPU Memory (MB)=21,313
2025-12-27 01:01:13.789	agile-bird-purrs-fin-03:0	olmo.train:990	INFO	[step=360/1000,epoch=0]
    optim/total_grad_norm=0.3510
    train/CrossEntropyLoss=4.712
    train/Perplexity=111.2
    grad_provenance/embedding_grad_l1_norm=30.17
    grad_provenance/embedding_grad_l2_norm=0.0153
    grad_provenance/embedding_grad_mean=1.227316859253591e-16
    grad_provenance/embedding_grad_abs_mean=3.5965817914984655e-06
    grad_provenance/output_proj_grad_l1_norm=13.88
    grad_provenance/output_proj_grad_l2_norm=0.0172
    grad_provenance/output_proj_grad_mean=-1.2212510191490777e-13
    grad_provenance/output_proj_grad_abs_mean=1.0776800536405062e-06
    grad_provenance/embedding_grad_rolling_avg=0.0153
    grad_provenance/output_proj_clip_threshold=0.0015
    grad_provenance/output_proj_grad_l2_norm_post_clip=0.0172
    throughput/total_tokens=754,974,720
    throughput/total_training_Gflops=152,887,091
    throughput/total_training_log_Gflops=18.85
    throughput/device/tokens_per_second=475,137
    throughput/device/batches_per_second=1.813
    System/Peak GPU Memory (MB)=21,313
2025-12-27 01:01:19.307	agile-bird-purrs-fin-03:0	olmo.train:990	INFO	[step=370/1000,epoch=0]
    optim/total_grad_norm=0.3276
    train/CrossEntropyLoss=4.699
    train/Perplexity=109.9
    grad_provenance/embedding_grad_l1_norm=30.32
    grad_provenance/embedding_grad_l2_norm=0.0156
    grad_provenance/embedding_grad_mean=3.200564813177209e-16
    grad_provenance/embedding_grad_abs_mean=3.6138890209258534e-06
    grad_provenance/output_proj_grad_l1_norm=13.40
    grad_provenance/output_proj_grad_l2_norm=0.0171
    grad_provenance/output_proj_grad_mean=-2.380535818382462e-13
    grad_provenance/output_proj_grad_abs_mean=1.0403151691207313e-06
    grad_provenance/embedding_grad_rolling_avg=0.0157
    grad_provenance/output_proj_clip_threshold=0.0016
    grad_provenance/output_proj_grad_l2_norm_post_clip=0.0171
    throughput/total_tokens=775,946,240
    throughput/total_training_Gflops=157,133,955
    throughput/total_training_log_Gflops=18.87
    throughput/device/tokens_per_second=475,073
    throughput/device/batches_per_second=1.812
    System/Peak GPU Memory (MB)=21,313
2025-12-27 01:01:24.823	agile-bird-purrs-fin-03:0	olmo.train:990	INFO	[step=380/1000,epoch=0]
    optim/total_grad_norm=0.2697
    train/CrossEntropyLoss=4.652
    train/Perplexity=104.8
    grad_provenance/embedding_grad_l1_norm=34.66
    grad_provenance/embedding_grad_l2_norm=0.0179
    grad_provenance/embedding_grad_mean=7.095019016745141e-16
    grad_provenance/embedding_grad_abs_mean=4.131445166422054e-06
    grad_provenance/output_proj_grad_l1_norm=14.37
    grad_provenance/output_proj_grad_l2_norm=0.0212
    grad_provenance/output_proj_grad_mean=-3.454417876963892e-14
    grad_provenance/output_proj_grad_abs_mean=1.1155325410072692e-06
    grad_provenance/embedding_grad_rolling_avg=0.0155
    grad_provenance/output_proj_clip_threshold=0.0016
    grad_provenance/output_proj_grad_l2_norm_post_clip=0.0212
    throughput/total_tokens=796,917,760
    throughput/total_training_Gflops=161,380,819
    throughput/total_training_log_Gflops=18.90
    throughput/device/tokens_per_second=475,249
    throughput/device/batches_per_second=1.813
    System/Peak GPU Memory (MB)=21,313
2025-12-27 01:01:30.339	agile-bird-purrs-fin-03:0	olmo.train:990	INFO	[step=390/1000,epoch=0]
    optim/total_grad_norm=0.3425
    train/CrossEntropyLoss=4.663
    train/Perplexity=105.9
    grad_provenance/embedding_grad_l1_norm=31.19
    grad_provenance/embedding_grad_l2_norm=0.0163
    grad_provenance/embedding_grad_mean=-2.2551405187698492e-17
    grad_provenance/embedding_grad_abs_mean=3.7176505429670215e-06
    grad_provenance/output_proj_grad_l1_norm=13.86
    grad_provenance/output_proj_grad_l2_norm=0.0192
    grad_provenance/output_proj_grad_mean=-4.970451676113152e-14
    grad_provenance/output_proj_grad_abs_mean=1.0762338433778496e-06
    grad_provenance/embedding_grad_rolling_avg=0.0163
    grad_provenance/output_proj_clip_threshold=0.0016
    grad_provenance/output_proj_grad_l2_norm_post_clip=0.0192
    throughput/total_tokens=817,889,280
    throughput/total_training_Gflops=165,627,682
    throughput/total_training_log_Gflops=18.93
    throughput/device/tokens_per_second=475,359
    throughput/device/batches_per_second=1.813
    System/Peak GPU Memory (MB)=21,313
2025-12-27 01:01:35.855	agile-bird-purrs-fin-03:0	olmo.train:990	INFO	[step=400/1000,epoch=0]
    optim/total_grad_norm=0.3200
    train/CrossEntropyLoss=4.600
    train/Perplexity=99.51
    grad_provenance/embedding_grad_l1_norm=29.90
    grad_provenance/embedding_grad_l2_norm=0.0154
    grad_provenance/embedding_grad_mean=1.6349768761081407e-16
    grad_provenance/embedding_grad_abs_mean=3.563972768461099e-06
    grad_provenance/output_proj_grad_l1_norm=13.30
    grad_provenance/output_proj_grad_l2_norm=0.0171
    grad_provenance/output_proj_grad_mean=-6.073039884564937e-14
    grad_provenance/output_proj_grad_abs_mean=1.0328744792786893e-06
    grad_provenance/embedding_grad_rolling_avg=0.0164
    grad_provenance/output_proj_clip_threshold=0.0016
    grad_provenance/output_proj_grad_l2_norm_post_clip=0.0171
    throughput/total_tokens=838,860,800
    throughput/total_training_Gflops=169,874,546
    throughput/total_training_log_Gflops=18.95
    throughput/device/tokens_per_second=475,344
    throughput/device/batches_per_second=1.813
    System/Peak GPU Memory (MB)=21,313
2025-12-27 01:01:41.374	agile-bird-purrs-fin-03:0	olmo.train:990	INFO	[step=410/1000,epoch=0]
    optim/total_grad_norm=0.3820
    train/CrossEntropyLoss=4.505
    train/Perplexity=90.45
    grad_provenance/embedding_grad_l1_norm=33.60
    grad_provenance/embedding_grad_l2_norm=0.0178
    grad_provenance/embedding_grad_mean=3.157196726277789e-16
    grad_provenance/embedding_grad_abs_mean=4.005130449513672e-06
    grad_provenance/output_proj_grad_l1_norm=13.49
    grad_provenance/output_proj_grad_l2_norm=0.0228
    grad_provenance/output_proj_grad_mean=-1.2477917462304366e-13
    grad_provenance/output_proj_grad_abs_mean=1.04737580386427e-06
    grad_provenance/embedding_grad_rolling_avg=0.0161
    grad_provenance/output_proj_clip_threshold=0.0016
    grad_provenance/output_proj_grad_l2_norm_post_clip=0.0228
    throughput/total_tokens=859,832,320
    throughput/total_training_Gflops=174,121,410
    throughput/total_training_log_Gflops=18.98
    throughput/device/tokens_per_second=475,191
    throughput/device/batches_per_second=1.813
    System/Peak GPU Memory (MB)=21,313
2025-12-27 01:01:46.894	agile-bird-purrs-fin-03:0	olmo.train:990	INFO	[step=420/1000,epoch=0]
    optim/total_grad_norm=0.4494
    train/CrossEntropyLoss=4.565
    train/Perplexity=96.11
    grad_provenance/embedding_grad_l1_norm=29.84
    grad_provenance/embedding_grad_l2_norm=0.0155
    grad_provenance/embedding_grad_mean=7.892991815694472e-17
    grad_provenance/embedding_grad_abs_mean=3.556654974090634e-06
    grad_provenance/output_proj_grad_l1_norm=13.00
    grad_provenance/output_proj_grad_l2_norm=0.0211
    grad_provenance/output_proj_grad_mean=-1.1487080004649736e-13
    grad_provenance/output_proj_grad_abs_mean=1.0091225703945383e-06
    grad_provenance/embedding_grad_rolling_avg=0.0166
    grad_provenance/output_proj_clip_threshold=0.0017
    grad_provenance/output_proj_grad_l2_norm_post_clip=0.0211
    throughput/total_tokens=880,803,840
    throughput/total_training_Gflops=178,368,273
    throughput/total_training_log_Gflops=19.00
    throughput/device/tokens_per_second=475,058
    throughput/device/batches_per_second=1.812
    System/Peak GPU Memory (MB)=21,313
2025-12-27 01:01:52.412	agile-bird-purrs-fin-03:0	olmo.train:990	INFO	[step=430/1000,epoch=0]
    optim/total_grad_norm=0.2576
    train/CrossEntropyLoss=4.477
    train/Perplexity=87.96
    grad_provenance/embedding_grad_l1_norm=31.25
    grad_provenance/embedding_grad_l2_norm=0.0165
    grad_provenance/embedding_grad_mean=6.461844948013606e-17
    grad_provenance/embedding_grad_abs_mean=3.725875103555154e-06
    grad_provenance/output_proj_grad_l1_norm=12.87
    grad_provenance/output_proj_grad_l2_norm=0.0184
    grad_provenance/output_proj_grad_mean=-9.079689040555894e-14
    grad_provenance/output_proj_grad_abs_mean=9.99558437797532e-07
    grad_provenance/embedding_grad_rolling_avg=0.0170
    grad_provenance/output_proj_clip_threshold=0.0017
    grad_provenance/output_proj_grad_l2_norm_post_clip=0.0184
    throughput/total_tokens=901,775,360
    throughput/total_training_Gflops=182,615,137
    throughput/total_training_log_Gflops=19.02
    throughput/device/tokens_per_second=475,121
    throughput/device/batches_per_second=1.812
    System/Peak GPU Memory (MB)=21,313
2025-12-27 01:01:57.928	agile-bird-purrs-fin-03:0	olmo.train:990	INFO	[step=440/1000,epoch=0]
    optim/total_grad_norm=0.4544
    train/CrossEntropyLoss=4.537
    train/Perplexity=93.45
    grad_provenance/embedding_grad_l1_norm=33.65
    grad_provenance/embedding_grad_l2_norm=0.0177
    grad_provenance/embedding_grad_mean=2.1684043449710089e-16
    grad_provenance/embedding_grad_abs_mean=4.0113645809469745e-06
    grad_provenance/output_proj_grad_l1_norm=12.88
    grad_provenance/output_proj_grad_l2_norm=0.0172
    grad_provenance/output_proj_grad_mean=-1.5194327729600027e-13
    grad_provenance/output_proj_grad_abs_mean=1.000193492473045e-06
    grad_provenance/embedding_grad_rolling_avg=0.0167
    grad_provenance/output_proj_clip_threshold=0.0017
    grad_provenance/output_proj_grad_l2_norm_post_clip=0.0172
    throughput/total_tokens=922,746,880
    throughput/total_training_Gflops=186,862,001
    throughput/total_training_log_Gflops=19.05
    throughput/device/tokens_per_second=475,309
    throughput/device/batches_per_second=1.813
    System/Peak GPU Memory (MB)=21,313
2025-12-27 01:02:03.443	agile-bird-purrs-fin-03:0	olmo.train:990	INFO	[step=450/1000,epoch=0]
    optim/total_grad_norm=0.4360
    train/CrossEntropyLoss=4.523
    train/Perplexity=92.09
    grad_provenance/embedding_grad_l1_norm=31.82
    grad_provenance/embedding_grad_l2_norm=0.0168
    grad_provenance/embedding_grad_mean=-1.5612511283791264e-16
    grad_provenance/embedding_grad_abs_mean=3.7927507037238684e-06
    grad_provenance/output_proj_grad_l1_norm=13.32
    grad_provenance/output_proj_grad_l2_norm=0.0411
    grad_provenance/output_proj_grad_mean=2.6525290752928143e-14
    grad_provenance/output_proj_grad_abs_mean=1.0341508414057898e-06
    grad_provenance/embedding_grad_rolling_avg=0.0164
    grad_provenance/output_proj_clip_threshold=0.0016
    grad_provenance/output_proj_grad_l2_norm_post_clip=0.0411
    throughput/total_tokens=943,718,400
    throughput/total_training_Gflops=191,108,864
    throughput/total_training_log_Gflops=19.07
    throughput/device/tokens_per_second=475,389
    throughput/device/batches_per_second=1.813
    System/Peak GPU Memory (MB)=21,313
2025-12-27 01:02:08.959	agile-bird-purrs-fin-03:0	olmo.train:990	INFO	[step=460/1000,epoch=0]
    optim/total_grad_norm=0.2994
    train/CrossEntropyLoss=4.477
    train/Perplexity=87.93
    grad_provenance/embedding_grad_l1_norm=34.17
    grad_provenance/embedding_grad_l2_norm=0.0177
    grad_provenance/embedding_grad_mean=2.957703526540456e-16
    grad_provenance/embedding_grad_abs_mean=4.073217496625148e-06
    grad_provenance/output_proj_grad_l1_norm=13.26
    grad_provenance/output_proj_grad_l2_norm=0.0173
    grad_provenance/output_proj_grad_mean=-1.3675928336835674e-13
    grad_provenance/output_proj_grad_abs_mean=1.0298778079231852e-06
    grad_provenance/embedding_grad_rolling_avg=0.0166
    grad_provenance/output_proj_clip_threshold=0.0017
    grad_provenance/output_proj_grad_l2_norm_post_clip=0.0173
    throughput/total_tokens=964,689,920
    throughput/total_training_Gflops=195,355,728
    throughput/total_training_log_Gflops=19.09
    throughput/device/tokens_per_second=475,384
    throughput/device/batches_per_second=1.813
    System/Peak GPU Memory (MB)=21,313
2025-12-27 01:02:14.479	agile-bird-purrs-fin-03:0	olmo.train:990	INFO	[step=470/1000,epoch=0]
    optim/total_grad_norm=0.2847
    train/CrossEntropyLoss=4.384
    train/Perplexity=80.15
    grad_provenance/embedding_grad_l1_norm=30.94
    grad_provenance/embedding_grad_l2_norm=0.0161
    grad_provenance/embedding_grad_mean=1.450662506785605e-16
    grad_provenance/embedding_grad_abs_mean=3.687952357722679e-06
    grad_provenance/output_proj_grad_l1_norm=12.34
    grad_provenance/output_proj_grad_l2_norm=0.0155
    grad_provenance/output_proj_grad_mean=-5.919706592321175e-14
    grad_provenance/output_proj_grad_abs_mean=9.5860673354764e-07
    grad_provenance/embedding_grad_rolling_avg=0.0166
    grad_provenance/output_proj_clip_threshold=0.0017
    grad_provenance/output_proj_grad_l2_norm_post_clip=0.0155
    throughput/total_tokens=985,661,440
    throughput/total_training_Gflops=199,602,592
    throughput/total_training_log_Gflops=19.11
    throughput/device/tokens_per_second=475,172
    throughput/device/batches_per_second=1.813
    System/Peak GPU Memory (MB)=21,313
2025-12-27 01:02:20.007	agile-bird-purrs-fin-03:0	olmo.train:990	INFO	[step=480/1000,epoch=0]
    optim/total_grad_norm=0.3890
    train/CrossEntropyLoss=4.428
    train/Perplexity=83.76
    grad_provenance/embedding_grad_l1_norm=30.10
    grad_provenance/embedding_grad_l2_norm=0.0155
    grad_provenance/embedding_grad_mean=-1.478851763270228e-16
    grad_provenance/embedding_grad_abs_mean=3.5880168525181944e-06
    grad_provenance/output_proj_grad_l1_norm=12.51
    grad_provenance/output_proj_grad_l2_norm=0.0170
    grad_provenance/output_proj_grad_mean=-4.9662141396846285e-14
    grad_provenance/output_proj_grad_abs_mean=9.714468660604325e-07
    grad_provenance/embedding_grad_rolling_avg=0.0162
    grad_provenance/output_proj_clip_threshold=0.0016
    grad_provenance/output_proj_grad_l2_norm_post_clip=0.0170
    throughput/total_tokens=1,006,632,960
    throughput/total_training_Gflops=203,849,455
    throughput/total_training_log_Gflops=19.13
    throughput/device/tokens_per_second=474,675
    throughput/device/batches_per_second=1.811
    System/Peak GPU Memory (MB)=21,313
2025-12-27 01:02:25.543	agile-bird-purrs-fin-03:0	olmo.train:990	INFO	[step=490/1000,epoch=0]
    optim/total_grad_norm=0.2766
    train/CrossEntropyLoss=4.414
    train/Perplexity=82.58
    grad_provenance/embedding_grad_l1_norm=30.94
    grad_provenance/embedding_grad_l2_norm=0.0165
    grad_provenance/embedding_grad_mean=1.8691645453650096e-16
    grad_provenance/embedding_grad_abs_mean=3.6881269807054196e-06
    grad_provenance/output_proj_grad_l1_norm=12.13
    grad_provenance/output_proj_grad_l2_norm=0.0162
    grad_provenance/output_proj_grad_mean=-1.5853349178123616e-13
    grad_provenance/output_proj_grad_abs_mean=9.418214972356509e-07
    grad_provenance/embedding_grad_rolling_avg=0.0163
    grad_provenance/output_proj_clip_threshold=0.0016
    grad_provenance/output_proj_grad_l2_norm_post_clip=0.0162
    throughput/total_tokens=1,027,604,480
    throughput/total_training_Gflops=208,096,319
    throughput/total_training_log_Gflops=19.15
    throughput/device/tokens_per_second=473,986
    throughput/device/batches_per_second=1.808
    System/Peak GPU Memory (MB)=21,313
2025-12-27 01:02:31.080	agile-bird-purrs-fin-03:0	olmo.train:990	INFO	[step=500/1000,epoch=0]
    optim/total_grad_norm=0.4375
    train/CrossEntropyLoss=4.462
    train/Perplexity=86.67
    grad_provenance/embedding_grad_l1_norm=29.97
    grad_provenance/embedding_grad_l2_norm=0.0155
    grad_provenance/embedding_grad_mean=1.9168694409543718e-16
    grad_provenance/embedding_grad_abs_mean=3.5721300264413003e-06
    grad_provenance/output_proj_grad_l1_norm=12.17
    grad_provenance/output_proj_grad_l2_norm=0.0153
    grad_provenance/output_proj_grad_mean=-5.169938438400086e-14
    grad_provenance/output_proj_grad_abs_mean=9.453513598600694e-07
    grad_provenance/embedding_grad_rolling_avg=0.0152
    grad_provenance/output_proj_clip_threshold=0.0015
    grad_provenance/output_proj_grad_l2_norm_post_clip=0.0153
    throughput/total_tokens=1,048,576,000
    throughput/total_training_Gflops=212,343,183
    throughput/total_training_log_Gflops=19.17
    throughput/device/tokens_per_second=473,663
    throughput/device/batches_per_second=1.807
    System/Peak GPU Memory (MB)=21,313
2025-12-27 01:02:31.083	agile-bird-purrs-fin-03:0	olmo.train:1375	INFO	Saving unsharded checkpoint...
2025-12-27 01:02:31.587	agile-bird-purrs-fin-03:0	olmo.checkpoint:796	INFO	Saving model state...
2025-12-27 01:02:31.653	agile-bird-purrs-fin-03:0	olmo.checkpoint:811	INFO	Saving optim state...
2025-12-27 01:02:31.787	agile-bird-purrs-fin-03:0	olmo.checkpoint:669	INFO	Saving trainer state...
2025-12-27 01:02:31.788	agile-bird-purrs-fin-03:0	olmo.checkpoint:607	INFO	Saving config...
2025-12-27 01:02:32.805	agile-bird-purrs-fin-03:0	olmo.train:1377	INFO	Unsharded checkpoint saved to /home/vec_norm/OLMo/checkpoints/OLMo-20M-tied-emb-1000/step500-unsharded
2025-12-27 01:02:38.355	agile-bird-purrs-fin-03:0	olmo.train:990	INFO	[step=510/1000,epoch=0]
    optim/total_grad_norm=0.4350
    train/CrossEntropyLoss=4.390
    train/Perplexity=80.65
    grad_provenance/embedding_grad_l1_norm=30.59
    grad_provenance/embedding_grad_l2_norm=0.0161
    grad_provenance/embedding_grad_mean=4.0332320816460765e-16
    grad_provenance/embedding_grad_abs_mean=3.646047616712167e-06
    grad_provenance/output_proj_grad_l1_norm=11.81
    grad_provenance/output_proj_grad_l2_norm=0.0163
    grad_provenance/output_proj_grad_mean=3.493996338457296e-14
    grad_provenance/output_proj_grad_abs_mean=9.17145825951593e-07
    grad_provenance/embedding_grad_rolling_avg=0.0153
    grad_provenance/output_proj_clip_threshold=0.0015
    grad_provenance/output_proj_grad_l2_norm_post_clip=0.0163
    throughput/total_tokens=1,069,547,520
    throughput/total_training_Gflops=216,590,046
    throughput/total_training_log_Gflops=19.19
    throughput/device/tokens_per_second=472,539
    throughput/device/batches_per_second=1.803
    System/Peak GPU Memory (MB)=21,313
2025-12-27 01:02:43.874	agile-bird-purrs-fin-03:0	olmo.train:990	INFO	[step=520/1000,epoch=0]
    optim/total_grad_norm=0.2749
    train/CrossEntropyLoss=4.348
    train/Perplexity=77.33
    grad_provenance/embedding_grad_l1_norm=36.80
    grad_provenance/embedding_grad_l2_norm=0.0193
    grad_provenance/embedding_grad_mean=-1.1752751549742868e-16
    grad_provenance/embedding_grad_abs_mean=4.386587534099817e-06
    grad_provenance/output_proj_grad_l1_norm=13.40
    grad_provenance/output_proj_grad_l2_norm=0.0271
    grad_provenance/output_proj_grad_mean=1.2263027236465024e-13
    grad_provenance/output_proj_grad_abs_mean=1.04063508388208e-06
    grad_provenance/embedding_grad_rolling_avg=0.0164
    grad_provenance/output_proj_clip_threshold=0.0016
    grad_provenance/output_proj_grad_l2_norm_post_clip=0.0271
    throughput/total_tokens=1,090,519,040
    throughput/total_training_Gflops=220,836,910
    throughput/total_training_log_Gflops=19.21
    throughput/device/tokens_per_second=473,781
    throughput/device/batches_per_second=1.807
    System/Peak GPU Memory (MB)=21,313
2025-12-27 01:02:49.388	agile-bird-purrs-fin-03:0	olmo.train:990	INFO	[step=530/1000,epoch=0]
    optim/total_grad_norm=0.3251
    train/CrossEntropyLoss=4.316
    train/Perplexity=74.91
    grad_provenance/embedding_grad_l1_norm=31.19
    grad_provenance/embedding_grad_l2_norm=0.0162
    grad_provenance/embedding_grad_mean=2.5066754227864863e-16
    grad_provenance/embedding_grad_abs_mean=3.7179038372414652e-06
    grad_provenance/output_proj_grad_l1_norm=11.76
    grad_provenance/output_proj_grad_l2_norm=0.0146
    grad_provenance/output_proj_grad_mean=-3.653071497643906e-14
    grad_provenance/output_proj_grad_abs_mean=9.135653158409696e-07
    grad_provenance/embedding_grad_rolling_avg=0.0161
    grad_provenance/output_proj_clip_threshold=0.0016
    grad_provenance/output_proj_grad_l2_norm_post_clip=0.0146
    throughput/total_tokens=1,111,490,560
    throughput/total_training_Gflops=225,083,774
    throughput/total_training_log_Gflops=19.23
    throughput/device/tokens_per_second=475,351
    throughput/device/batches_per_second=1.813
    System/Peak GPU Memory (MB)=21,313
2025-12-27 01:02:54.900	agile-bird-purrs-fin-03:0	olmo.train:990	INFO	[step=540/1000,epoch=0]
    optim/total_grad_norm=0.3377
    train/CrossEntropyLoss=4.375
    train/Perplexity=79.45
    grad_provenance/embedding_grad_l1_norm=30.88
    grad_provenance/embedding_grad_l2_norm=0.0157
    grad_provenance/embedding_grad_mean=-3.434752482434078e-16
    grad_provenance/embedding_grad_abs_mean=3.681260295707034e-06
    grad_provenance/output_proj_grad_l1_norm=11.78
    grad_provenance/output_proj_grad_l2_norm=0.0133
    grad_provenance/output_proj_grad_mean=-6.577393116919891e-14
    grad_provenance/output_proj_grad_abs_mean=9.144943646788306e-07
    grad_provenance/embedding_grad_rolling_avg=0.0159
    grad_provenance/output_proj_clip_threshold=0.0016
    grad_provenance/output_proj_grad_l2_norm_post_clip=0.0133
    throughput/total_tokens=1,132,462,080
    throughput/total_training_Gflops=229,330,637
    throughput/total_training_log_Gflops=19.25
    throughput/device/tokens_per_second=475,573
    throughput/device/batches_per_second=1.814
    System/Peak GPU Memory (MB)=21,313
2025-12-27 01:03:00.412	agile-bird-purrs-fin-03:0	olmo.train:990	INFO	[step=550/1000,epoch=0]
    optim/total_grad_norm=0.2620
    train/CrossEntropyLoss=4.318
    train/Perplexity=75.07
    grad_provenance/embedding_grad_l1_norm=32.31
    grad_provenance/embedding_grad_l2_norm=0.0168
    grad_provenance/embedding_grad_mean=2.5196858488563123e-16
    grad_provenance/embedding_grad_abs_mean=3.8515081541845575e-06
    grad_provenance/output_proj_grad_l1_norm=13.23
    grad_provenance/output_proj_grad_l2_norm=0.0165
    grad_provenance/output_proj_grad_mean=6.469563112228988e-14
    grad_provenance/output_proj_grad_abs_mean=1.0275261956849135e-06
    grad_provenance/embedding_grad_rolling_avg=0.0171
    grad_provenance/output_proj_clip_threshold=0.0017
    grad_provenance/output_proj_grad_l2_norm_post_clip=0.0165
    throughput/total_tokens=1,153,433,600
    throughput/total_training_Gflops=233,577,501
    throughput/total_training_log_Gflops=19.27
    throughput/device/tokens_per_second=475,680
    throughput/device/batches_per_second=1.815
    System/Peak GPU Memory (MB)=21,313
2025-12-27 01:03:05.925	agile-bird-purrs-fin-03:0	olmo.train:990	INFO	[step=560/1000,epoch=0]
    optim/total_grad_norm=0.4052
    train/CrossEntropyLoss=4.329
    train/Perplexity=75.88
    grad_provenance/embedding_grad_l1_norm=28.42
    grad_provenance/embedding_grad_l2_norm=0.0145
    grad_provenance/embedding_grad_mean=4.336808689942018e-18
    grad_provenance/embedding_grad_abs_mean=3.388098775758408e-06
    grad_provenance/output_proj_grad_l1_norm=11.79
    grad_provenance/output_proj_grad_l2_norm=0.0136
    grad_provenance/output_proj_grad_mean=-2.9164540384487084e-14
    grad_provenance/output_proj_grad_abs_mean=9.157540148407861e-07
    grad_provenance/embedding_grad_rolling_avg=0.0157
    grad_provenance/output_proj_clip_threshold=0.0016
    grad_provenance/output_proj_grad_l2_norm_post_clip=0.0136
    throughput/total_tokens=1,174,405,120
    throughput/total_training_Gflops=237,824,365
    throughput/total_training_log_Gflops=19.29
    throughput/device/tokens_per_second=475,663
    throughput/device/batches_per_second=1.815
    System/Peak GPU Memory (MB)=21,313
2025-12-27 01:03:11.436	agile-bird-purrs-fin-03:0	olmo.train:990	INFO	[step=570/1000,epoch=0]
    optim/total_grad_norm=0.2605
    train/CrossEntropyLoss=4.259
    train/Perplexity=70.75
    grad_provenance/embedding_grad_l1_norm=34.82
    grad_provenance/embedding_grad_l2_norm=0.0181
    grad_provenance/embedding_grad_mean=-2.42861286636753e-16
    grad_provenance/embedding_grad_abs_mean=4.151443135924637e-06
    grad_provenance/output_proj_grad_l1_norm=13.02
    grad_provenance/output_proj_grad_l2_norm=0.0183
    grad_provenance/output_proj_grad_mean=-2.7935168284490275e-13
    grad_provenance/output_proj_grad_abs_mean=1.0112905783898896e-06
    grad_provenance/embedding_grad_rolling_avg=0.0169
    grad_provenance/output_proj_clip_threshold=0.0017
    grad_provenance/output_proj_grad_l2_norm_post_clip=0.0183
    throughput/total_tokens=1,195,376,640
    throughput/total_training_Gflops=242,071,228
    throughput/total_training_log_Gflops=19.30
    throughput/device/tokens_per_second=475,674
    throughput/device/batches_per_second=1.815
    System/Peak GPU Memory (MB)=21,313
2025-12-27 01:03:16.951	agile-bird-purrs-fin-03:0	olmo.train:990	INFO	[step=580/1000,epoch=0]
    optim/total_grad_norm=0.3476
    train/CrossEntropyLoss=4.307
    train/Perplexity=74.18
    grad_provenance/embedding_grad_l1_norm=29.91
    grad_provenance/embedding_grad_l2_norm=0.0154
    grad_provenance/embedding_grad_mean=3.7383290907300193e-16
    grad_provenance/embedding_grad_abs_mean=3.5659413697430864e-06
    grad_provenance/output_proj_grad_l1_norm=11.95
    grad_provenance/output_proj_grad_l2_norm=0.0142
    grad_provenance/output_proj_grad_mean=-3.337279657809021e-14
    grad_provenance/output_proj_grad_abs_mean=9.281561119678372e-07
    grad_provenance/embedding_grad_rolling_avg=0.0155
    grad_provenance/output_proj_clip_threshold=0.0015
    grad_provenance/output_proj_grad_l2_norm_post_clip=0.0142
    throughput/total_tokens=1,216,348,160
    throughput/total_training_Gflops=246,318,092
    throughput/total_training_log_Gflops=19.32
    throughput/device/tokens_per_second=475,612
    throughput/device/batches_per_second=1.814
    System/Peak GPU Memory (MB)=21,313
2025-12-27 01:03:22.468	agile-bird-purrs-fin-03:0	olmo.train:990	INFO	[step=590/1000,epoch=0]
    optim/total_grad_norm=0.3354
    train/CrossEntropyLoss=4.274
    train/Perplexity=71.84
    grad_provenance/embedding_grad_l1_norm=29.82
    grad_provenance/embedding_grad_l2_norm=0.0153
    grad_provenance/embedding_grad_mean=2.5413698923060224e-16
    grad_provenance/embedding_grad_abs_mean=3.5549915082810912e-06
    grad_provenance/output_proj_grad_l1_norm=11.85
    grad_provenance/output_proj_grad_l2_norm=0.0140
    grad_provenance/output_proj_grad_mean=-4.865898333675407e-14
    grad_provenance/output_proj_grad_abs_mean=9.198776638186246e-07
    grad_provenance/embedding_grad_rolling_avg=0.0164
    grad_provenance/output_proj_clip_threshold=0.0016
    grad_provenance/output_proj_grad_l2_norm_post_clip=0.0140
    throughput/total_tokens=1,237,319,680
    throughput/total_training_Gflops=250,564,956
    throughput/total_training_log_Gflops=19.34
    throughput/device/tokens_per_second=475,345
    throughput/device/batches_per_second=1.813
    System/Peak GPU Memory (MB)=21,313
2025-12-27 01:03:27.984	agile-bird-purrs-fin-03:0	olmo.train:990	INFO	[step=600/1000,epoch=0]
    optim/total_grad_norm=0.2311
    train/CrossEntropyLoss=4.243
    train/Perplexity=69.63
    grad_provenance/embedding_grad_l1_norm=29.77
    grad_provenance/embedding_grad_l2_norm=0.0155
    grad_provenance/embedding_grad_mean=-4.87890977618477e-16
    grad_provenance/embedding_grad_abs_mean=3.5486264096107334e-06
    grad_provenance/output_proj_grad_l1_norm=12.08
    grad_provenance/output_proj_grad_l2_norm=0.0141
    grad_provenance/output_proj_grad_mean=-1.2811352151397611e-14
    grad_provenance/output_proj_grad_abs_mean=9.378633194501163e-07
    grad_provenance/embedding_grad_rolling_avg=0.0158
    grad_provenance/output_proj_clip_threshold=0.0016
    grad_provenance/output_proj_grad_l2_norm_post_clip=0.0141
    throughput/total_tokens=1,258,291,200
    throughput/total_training_Gflops=254,811,819
    throughput/total_training_log_Gflops=19.36
    throughput/device/tokens_per_second=475,293
    throughput/device/batches_per_second=1.813
    System/Peak GPU Memory (MB)=21,313
2025-12-27 01:03:33.499	agile-bird-purrs-fin-03:0	olmo.train:990	INFO	[step=610/1000,epoch=0]
    optim/total_grad_norm=0.3044
    train/CrossEntropyLoss=4.261
    train/Perplexity=70.86
    grad_provenance/embedding_grad_l1_norm=29.67
    grad_provenance/embedding_grad_l2_norm=0.0151
    grad_provenance/embedding_grad_mean=2.0773313624822265e-16
    grad_provenance/embedding_grad_abs_mean=3.537290695021511e-06
    grad_provenance/output_proj_grad_l1_norm=11.63
    grad_provenance/output_proj_grad_l2_norm=0.0142
    grad_provenance/output_proj_grad_mean=-3.38424526304202e-14
    grad_provenance/output_proj_grad_abs_mean=9.03307807220699e-07
    grad_provenance/embedding_grad_rolling_avg=0.0166
    grad_provenance/output_proj_clip_threshold=0.0017
    grad_provenance/output_proj_grad_l2_norm_post_clip=0.0142
    throughput/total_tokens=1,279,262,720
    throughput/total_training_Gflops=259,058,683
    throughput/total_training_log_Gflops=19.37
    throughput/device/tokens_per_second=475,419
    throughput/device/batches_per_second=1.814
    System/Peak GPU Memory (MB)=21,313
2025-12-27 01:03:39.013	agile-bird-purrs-fin-03:0	olmo.train:990	INFO	[step=620/1000,epoch=0]
    optim/total_grad_norm=0.5638
    train/CrossEntropyLoss=4.304
    train/Perplexity=74.00
    grad_provenance/embedding_grad_l1_norm=31.77
    grad_provenance/embedding_grad_l2_norm=0.0162
    grad_provenance/embedding_grad_mean=-1.734723475976807e-17
    grad_provenance/embedding_grad_abs_mean=3.786751676670974e-06
    grad_provenance/output_proj_grad_l1_norm=12.55
    grad_provenance/output_proj_grad_l2_norm=0.0205
    grad_provenance/output_proj_grad_mean=-1.4629024716866085e-14
    grad_provenance/output_proj_grad_abs_mean=9.745172064867802e-07
    grad_provenance/embedding_grad_rolling_avg=0.0152
    grad_provenance/output_proj_clip_threshold=0.0015
    grad_provenance/output_proj_grad_l2_norm_post_clip=0.0205
    throughput/total_tokens=1,300,234,240
    throughput/total_training_Gflops=263,305,547
    throughput/total_training_log_Gflops=19.39
    throughput/device/tokens_per_second=475,466
    throughput/device/batches_per_second=1.814
    System/Peak GPU Memory (MB)=21,313
2025-12-27 01:03:44.527	agile-bird-purrs-fin-03:0	olmo.train:990	INFO	[step=630/1000,epoch=0]
    optim/total_grad_norm=0.2347
    train/CrossEntropyLoss=4.301
    train/Perplexity=73.75
    grad_provenance/embedding_grad_l1_norm=31.70
    grad_provenance/embedding_grad_l2_norm=0.0162
    grad_provenance/embedding_grad_mean=-6.5052130349130266e-18
    grad_provenance/embedding_grad_abs_mean=3.779398866754491e-06
    grad_provenance/output_proj_grad_l1_norm=12.55
    grad_provenance/output_proj_grad_l2_norm=0.0126
    grad_provenance/output_proj_grad_mean=-3.963481967758295e-14
    grad_provenance/output_proj_grad_abs_mean=9.743141617946094e-07
    grad_provenance/embedding_grad_rolling_avg=0.0177
    grad_provenance/output_proj_clip_threshold=0.0018
    grad_provenance/output_proj_grad_l2_norm_post_clip=0.0126
    throughput/total_tokens=1,321,205,760
    throughput/total_training_Gflops=267,552,410
    throughput/total_training_log_Gflops=19.40
    throughput/device/tokens_per_second=475,471
    throughput/device/batches_per_second=1.814
    System/Peak GPU Memory (MB)=21,313
2025-12-27 01:03:50.043	agile-bird-purrs-fin-03:0	olmo.train:990	INFO	[step=640/1000,epoch=0]
    optim/total_grad_norm=0.2279
    train/CrossEntropyLoss=4.230
    train/Perplexity=68.74
    grad_provenance/embedding_grad_l1_norm=31.69
    grad_provenance/embedding_grad_l2_norm=0.0163
    grad_provenance/embedding_grad_mean=-3.478120569333498e-16
    grad_provenance/embedding_grad_abs_mean=3.778018026423524e-06
    grad_provenance/output_proj_grad_l1_norm=11.87
    grad_provenance/output_proj_grad_l2_norm=0.0131
    grad_provenance/output_proj_grad_mean=-1.0071149236833346e-13
    grad_provenance/output_proj_grad_abs_mean=9.220585752700572e-07
    grad_provenance/embedding_grad_rolling_avg=0.0162
    grad_provenance/output_proj_clip_threshold=0.0016
    grad_provenance/output_proj_grad_l2_norm_post_clip=0.0131
    throughput/total_tokens=1,342,177,280
    throughput/total_training_Gflops=271,799,274
    throughput/total_training_log_Gflops=19.42
    throughput/device/tokens_per_second=475,443
    throughput/device/batches_per_second=1.814
    System/Peak GPU Memory (MB)=21,313
2025-12-27 01:03:55.555	agile-bird-purrs-fin-03:0	olmo.train:990	INFO	[step=650/1000,epoch=0]
    optim/total_grad_norm=0.2845
    train/CrossEntropyLoss=4.258
    train/Perplexity=70.65
    grad_provenance/embedding_grad_l1_norm=34.16
    grad_provenance/embedding_grad_l2_norm=0.0178
    grad_provenance/embedding_grad_mean=1.4051260155412137e-16
    grad_provenance/embedding_grad_abs_mean=4.0727700252318755e-06
    grad_provenance/output_proj_grad_l1_norm=12.45
    grad_provenance/output_proj_grad_l2_norm=0.0147
    grad_provenance/output_proj_grad_mean=-2.4143113503278515e-15
    grad_provenance/output_proj_grad_abs_mean=9.669158771430375e-07
    grad_provenance/embedding_grad_rolling_avg=0.0171
    grad_provenance/output_proj_clip_threshold=0.0017
    grad_provenance/output_proj_grad_l2_norm_post_clip=0.0147
    throughput/total_tokens=1,363,148,800
    throughput/total_training_Gflops=276,046,138
    throughput/total_training_log_Gflops=19.44
    throughput/device/tokens_per_second=475,522
    throughput/device/batches_per_second=1.814
    System/Peak GPU Memory (MB)=21,313
2025-12-27 01:04:01.067	agile-bird-purrs-fin-03:0	olmo.train:990	INFO	[step=660/1000,epoch=0]
    optim/total_grad_norm=0.2082
    train/CrossEntropyLoss=4.212
    train/Perplexity=67.50
    grad_provenance/embedding_grad_l1_norm=35.37
    grad_provenance/embedding_grad_l2_norm=0.0184
    grad_provenance/embedding_grad_mean=2.3635607360183997e-16
    grad_provenance/embedding_grad_abs_mean=4.216150955471676e-06
    grad_provenance/output_proj_grad_l1_norm=11.66
    grad_provenance/output_proj_grad_l2_norm=0.0135
    grad_provenance/output_proj_grad_mean=-1.5471791582681539e-15
    grad_provenance/output_proj_grad_abs_mean=9.055715395334119e-07
    grad_provenance/embedding_grad_rolling_avg=0.0168
    grad_provenance/output_proj_clip_threshold=0.0017
    grad_provenance/output_proj_grad_l2_norm_post_clip=0.0135
    throughput/total_tokens=1,384,120,320
    throughput/total_training_Gflops=280,293,001
    throughput/total_training_log_Gflops=19.45
    throughput/device/tokens_per_second=475,690
    throughput/device/batches_per_second=1.815
    System/Peak GPU Memory (MB)=21,313
2025-12-27 01:04:06.579	agile-bird-purrs-fin-03:0	olmo.train:990	INFO	[step=670/1000,epoch=0]
    optim/total_grad_norm=0.3204
    train/CrossEntropyLoss=4.218
    train/Perplexity=67.92
    grad_provenance/embedding_grad_l1_norm=29.07
    grad_provenance/embedding_grad_l2_norm=0.0148
    grad_provenance/embedding_grad_mean=-2.3527187142935446e-16
    grad_provenance/embedding_grad_abs_mean=3.465594090812374e-06
    grad_provenance/output_proj_grad_l1_norm=11.60
    grad_provenance/output_proj_grad_l2_norm=0.0134
    grad_provenance/output_proj_grad_mean=-4.703065736334777e-14
    grad_provenance/output_proj_grad_abs_mean=9.011137649395096e-07
    grad_provenance/embedding_grad_rolling_avg=0.0158
    grad_provenance/output_proj_clip_threshold=0.0016
    grad_provenance/output_proj_grad_l2_norm_post_clip=0.0134
    throughput/total_tokens=1,405,091,840
    throughput/total_training_Gflops=284,539,865
    throughput/total_training_log_Gflops=19.47
    throughput/device/tokens_per_second=475,696
    throughput/device/batches_per_second=1.815
    System/Peak GPU Memory (MB)=21,313
2025-12-27 01:04:12.089	agile-bird-purrs-fin-03:0	olmo.train:990	INFO	[step=680/1000,epoch=0]
    optim/total_grad_norm=0.2307
    train/CrossEntropyLoss=4.181
    train/Perplexity=65.42
    grad_provenance/embedding_grad_l1_norm=32.67
    grad_provenance/embedding_grad_l2_norm=0.0171
    grad_provenance/embedding_grad_mean=6.375108774214766e-17
    grad_provenance/embedding_grad_abs_mean=3.894585915986681e-06
    grad_provenance/output_proj_grad_l1_norm=12.07
    grad_provenance/output_proj_grad_l2_norm=0.0132
    grad_provenance/output_proj_grad_mean=-1.89107982880932e-14
    grad_provenance/output_proj_grad_abs_mean=9.374894034408499e-07
    grad_provenance/embedding_grad_rolling_avg=0.0165
    grad_provenance/output_proj_clip_threshold=0.0017
    grad_provenance/output_proj_grad_l2_norm_post_clip=0.0132
    throughput/total_tokens=1,426,063,360
    throughput/total_training_Gflops=288,786,729
    throughput/total_training_log_Gflops=19.48
    throughput/device/tokens_per_second=475,823
    throughput/device/batches_per_second=1.815
    System/Peak GPU Memory (MB)=21,313
2025-12-27 01:04:17.602	agile-bird-purrs-fin-03:0	olmo.train:990	INFO	[step=690/1000,epoch=0]
    optim/total_grad_norm=0.2712
    train/CrossEntropyLoss=4.204
    train/Perplexity=66.96
    grad_provenance/embedding_grad_l1_norm=29.87
    grad_provenance/embedding_grad_l2_norm=0.0155
    grad_provenance/embedding_grad_mean=-1.0408340855860843e-17
    grad_provenance/embedding_grad_abs_mean=3.5605899029178545e-06
    grad_provenance/output_proj_grad_l1_norm=11.26
    grad_provenance/output_proj_grad_l2_norm=0.0130
    grad_provenance/output_proj_grad_mean=-6.477600438458894e-14
    grad_provenance/output_proj_grad_abs_mean=8.744896717871598e-07
    grad_provenance/embedding_grad_rolling_avg=0.0160
    grad_provenance/output_proj_clip_threshold=0.0016
    grad_provenance/output_proj_grad_l2_norm_post_clip=0.0130
    throughput/total_tokens=1,447,034,880
    throughput/total_training_Gflops=293,033,592
    throughput/total_training_log_Gflops=19.50
    throughput/device/tokens_per_second=475,743
    throughput/device/batches_per_second=1.815
    System/Peak GPU Memory (MB)=21,313
2025-12-27 01:04:23.118	agile-bird-purrs-fin-03:0	olmo.train:990	INFO	[step=700/1000,epoch=0]
    optim/total_grad_norm=0.2872
    train/CrossEntropyLoss=4.172
    train/Perplexity=64.87
    grad_provenance/embedding_grad_l1_norm=34.73
    grad_provenance/embedding_grad_l2_norm=0.0180
    grad_provenance/embedding_grad_mean=5.551115123125783e-17
    grad_provenance/embedding_grad_abs_mean=4.140542387176538e-06
    grad_provenance/output_proj_grad_l1_norm=11.56
    grad_provenance/output_proj_grad_l2_norm=0.0164
    grad_provenance/output_proj_grad_mean=-1.561318213388549e-13
    grad_provenance/output_proj_grad_abs_mean=8.979372978501488e-07
    grad_provenance/embedding_grad_rolling_avg=0.0165
    grad_provenance/output_proj_clip_threshold=0.0016
    grad_provenance/output_proj_grad_l2_norm_post_clip=0.0164
    throughput/total_tokens=1,468,006,400
    throughput/total_training_Gflops=297,280,456
    throughput/total_training_log_Gflops=19.51
    throughput/device/tokens_per_second=475,475
    throughput/device/batches_per_second=1.814
    System/Peak GPU Memory (MB)=21,313
2025-12-27 01:04:28.635	agile-bird-purrs-fin-03:0	olmo.train:990	INFO	[step=710/1000,epoch=0]
    optim/total_grad_norm=0.2341
    train/CrossEntropyLoss=4.174
    train/Perplexity=64.96
    grad_provenance/embedding_grad_l1_norm=29.46
    grad_provenance/embedding_grad_l2_norm=0.0149
    grad_provenance/embedding_grad_mean=1.491862189340054e-16
    grad_provenance/embedding_grad_abs_mean=3.5120178836223204e-06
    grad_provenance/output_proj_grad_l1_norm=11.18
    grad_provenance/output_proj_grad_l2_norm=0.0131
    grad_provenance/output_proj_grad_mean=5.5929250929187286e-15
    grad_provenance/output_proj_grad_abs_mean=8.678954941387929e-07
    grad_provenance/embedding_grad_rolling_avg=0.0158
    grad_provenance/output_proj_clip_threshold=0.0016
    grad_provenance/output_proj_grad_l2_norm_post_clip=0.0131
    throughput/total_tokens=1,488,977,920
    throughput/total_training_Gflops=301,527,320
    throughput/total_training_log_Gflops=19.52
    throughput/device/tokens_per_second=475,302
    throughput/device/batches_per_second=1.813
    System/Peak GPU Memory (MB)=21,313
2025-12-27 01:04:34.148	agile-bird-purrs-fin-03:0	olmo.train:990	INFO	[step=720/1000,epoch=0]
    optim/total_grad_norm=0.2686
    train/CrossEntropyLoss=4.174
    train/Perplexity=65.00
    grad_provenance/embedding_grad_l1_norm=30.64
    grad_provenance/embedding_grad_l2_norm=0.0159
    grad_provenance/embedding_grad_mean=-5.091413401991929e-16
    grad_provenance/embedding_grad_abs_mean=3.652876102933078e-06
    grad_provenance/output_proj_grad_l1_norm=11.78
    grad_provenance/output_proj_grad_l2_norm=0.0153
    grad_provenance/output_proj_grad_mean=1.153823943941118e-13
    grad_provenance/output_proj_grad_abs_mean=9.151090694103914e-07
    grad_provenance/embedding_grad_rolling_avg=0.0162
    grad_provenance/output_proj_clip_threshold=0.0016
    grad_provenance/output_proj_grad_l2_norm_post_clip=0.0153
    throughput/total_tokens=1,509,949,440
    throughput/total_training_Gflops=305,774,183
    throughput/total_training_log_Gflops=19.54
    throughput/device/tokens_per_second=475,414
    throughput/device/batches_per_second=1.814
    System/Peak GPU Memory (MB)=21,313
2025-12-27 01:04:39.661	agile-bird-purrs-fin-03:0	olmo.train:990	INFO	[step=730/1000,epoch=0]
    optim/total_grad_norm=0.2797
    train/CrossEntropyLoss=4.129
    train/Perplexity=62.09
    grad_provenance/embedding_grad_l1_norm=33.73
    grad_provenance/embedding_grad_l2_norm=0.0178
    grad_provenance/embedding_grad_mean=1.3834419720915037e-16
    grad_provenance/embedding_grad_abs_mean=4.02143723476911e-06
    grad_provenance/output_proj_grad_l1_norm=11.35
    grad_provenance/output_proj_grad_l2_norm=0.0127
    grad_provenance/output_proj_grad_mean=-6.342551538227742e-14
    grad_provenance/output_proj_grad_abs_mean=8.811027214505884e-07
    grad_provenance/embedding_grad_rolling_avg=0.0161
    grad_provenance/output_proj_clip_threshold=0.0016
    grad_provenance/output_proj_grad_l2_norm_post_clip=0.0127
    throughput/total_tokens=1,530,920,960
    throughput/total_training_Gflops=310,021,047
    throughput/total_training_log_Gflops=19.55
    throughput/device/tokens_per_second=475,614
    throughput/device/batches_per_second=1.814
    System/Peak GPU Memory (MB)=21,313
2025-12-27 01:04:45.174	agile-bird-purrs-fin-03:0	olmo.train:990	INFO	[step=740/1000,epoch=0]
    optim/total_grad_norm=0.2835
    train/CrossEntropyLoss=4.123
    train/Perplexity=61.72
    grad_provenance/embedding_grad_l1_norm=30.71
    grad_provenance/embedding_grad_l2_norm=0.0156
    grad_provenance/embedding_grad_mean=4.627374872168133e-16
    grad_provenance/embedding_grad_abs_mean=3.66063864021271e-06
    grad_provenance/output_proj_grad_l1_norm=11.52
    grad_provenance/output_proj_grad_l2_norm=0.0131
    grad_provenance/output_proj_grad_mean=-4.711046480763807e-14
    grad_provenance/output_proj_grad_abs_mean=8.942454883253959e-07
    grad_provenance/embedding_grad_rolling_avg=0.0166
    grad_provenance/output_proj_clip_threshold=0.0017
    grad_provenance/output_proj_grad_l2_norm_post_clip=0.0131
    throughput/total_tokens=1,551,892,480
    throughput/total_training_Gflops=314,267,911
    throughput/total_training_log_Gflops=19.57
    throughput/device/tokens_per_second=475,612
    throughput/device/batches_per_second=1.814
    System/Peak GPU Memory (MB)=21,313
2025-12-27 01:04:50.691	agile-bird-purrs-fin-03:0	olmo.train:990	INFO	[step=750/1000,epoch=0]
    optim/total_grad_norm=0.2015
    train/CrossEntropyLoss=4.203
    train/Perplexity=66.87
    grad_provenance/embedding_grad_l1_norm=32.48
    grad_provenance/embedding_grad_l2_norm=0.0172
    grad_provenance/embedding_grad_mean=-6.418476861114186e-17
    grad_provenance/embedding_grad_abs_mean=3.872283286909806e-06
    grad_provenance/output_proj_grad_l1_norm=11.44
    grad_provenance/output_proj_grad_l2_norm=0.0147
    grad_provenance/output_proj_grad_mean=-1.6668366990477135e-13
    grad_provenance/output_proj_grad_abs_mean=8.885606348485453e-07
    grad_provenance/embedding_grad_rolling_avg=0.0166
    grad_provenance/output_proj_clip_threshold=0.0017
    grad_provenance/output_proj_grad_l2_norm_post_clip=0.0147
    throughput/total_tokens=1,572,864,000
    throughput/total_training_Gflops=318,514,774
    throughput/total_training_log_Gflops=19.58
    throughput/device/tokens_per_second=475,506
    throughput/device/batches_per_second=1.814
    System/Peak GPU Memory (MB)=21,313
W1227 01:04:51.563000 49154 torch/distributed/elastic/agent/server/api.py:725] Received 15 death signal, shutting down workers
W1227 01:04:51.571000 49154 torch/distributed/elastic/multiprocessing/api.py:908] Sending process 50568 closing signal SIGTERM
W1227 01:04:51.595000 49154 torch/distributed/elastic/multiprocessing/api.py:908] Sending process 50568 closing signal SIGTERM
W1227 01:04:51.595000 49154 torch/distributed/elastic/multiprocessing/api.py:908] Sending process 50569 closing signal SIGTERM
W1227 01:04:51.600000 49154 torch/distributed/elastic/multiprocessing/api.py:908] Sending process 50570 closing signal SIGTERM
W1227 01:04:51.600000 49154 torch/distributed/elastic/multiprocessing/api.py:908] Sending process 50571 closing signal SIGTERM
W1227 01:04:51.602000 49154 torch/distributed/elastic/multiprocessing/api.py:908] Sending process 50572 closing signal SIGTERM
W1227 01:04:51.602000 49154 torch/distributed/elastic/multiprocessing/api.py:908] Sending process 50573 closing signal SIGTERM
W1227 01:04:51.603000 49154 torch/distributed/elastic/multiprocessing/api.py:908] Sending process 50574 closing signal SIGTERM
W1227 01:04:51.603000 49154 torch/distributed/elastic/multiprocessing/api.py:908] Sending process 50575 closing signal SIGTERM
Traceback (most recent call last):
  File "/home/vec_norm/.venv/lib/python3.12/site-packages/torch/distributed/elastic/agent/server/api.py", line 717, in run
    result = self._invoke_run(role)
             ^^^^^^^^^^^^^^^^^^^^^^
  File "/home/vec_norm/.venv/lib/python3.12/site-packages/torch/distributed/elastic/agent/server/api.py", line 881, in _invoke_run
    time.sleep(monitor_interval)
  File "/home/vec_norm/.venv/lib/python3.12/site-packages/torch/distributed/elastic/multiprocessing/api.py", line 85, in _terminate_process_handler
    raise SignalException(f"Process {os.getpid()} got signal: {sigval}", sigval=sigval)
torch.distributed.elastic.multiprocessing.api.SignalException: Process 49154 got signal: 15

During handling of the above exception, another exception occurred:

Traceback (most recent call last):
  File "/home/vec_norm/.venv/bin/torchrun", line 8, in <module>
    sys.exit(main())
             ^^^^^^
  File "/home/vec_norm/.venv/lib/python3.12/site-packages/torch/distributed/elastic/multiprocessing/errors/__init__.py", line 357, in wrapper
    return f(*args, **kwargs)
           ^^^^^^^^^^^^^^^^^^
  File "/home/vec_norm/.venv/lib/python3.12/site-packages/torch/distributed/run.py", line 936, in main
    run(args)
  File "/home/vec_norm/.venv/lib/python3.12/site-packages/torch/distributed/run.py", line 927, in run
    elastic_launch(
  File "/home/vec_norm/.venv/lib/python3.12/site-packages/torch/distributed/launcher/api.py", line 156, in __call__
    return launch_agent(self._config, self._entrypoint, list(args))
           ^^^^^^^^^^^^^^^^^^^^^^^^^^^^^^^^^^^^^^^^^^^^^^^^^^^^^^^^
  File "/home/vec_norm/.venv/lib/python3.12/site-packages/torch/distributed/launcher/api.py", line 284, in launch_agent
    result = agent.run()
             ^^^^^^^^^^^
  File "/home/vec_norm/.venv/lib/python3.12/site-packages/torch/distributed/elastic/metrics/api.py", line 138, in wrapper
    result = f(*args, **kwargs)
             ^^^^^^^^^^^^^^^^^^
  File "/home/vec_norm/.venv/lib/python3.12/site-packages/torch/distributed/elastic/agent/server/api.py", line 726, in run
    self._shutdown(e.sigval)
  File "/home/vec_norm/.venv/lib/python3.12/site-packages/torch/distributed/elastic/agent/server/local_elastic_agent.py", line 369, in _shutdown
    self._pcontext.close(death_sig)
  File "/home/vec_norm/.venv/lib/python3.12/site-packages/torch/distributed/elastic/multiprocessing/api.py", line 578, in close
    self._close(death_sig=death_sig, timeout=timeout)
  File "/home/vec_norm/.venv/lib/python3.12/site-packages/torch/distributed/elastic/multiprocessing/api.py", line 913, in _close
    handler.close(death_sig=death_sig)
  File "/home/vec_norm/.venv/lib/python3.12/site-packages/torch/distributed/elastic/multiprocessing/subprocess_handler/subprocess_handler.py", line 87, in close
    os.killpg(self.proc.pid, death_sig)
  File "/home/vec_norm/.venv/lib/python3.12/site-packages/torch/distributed/elastic/multiprocessing/api.py", line 85, in _terminate_process_handler
    raise SignalException(f"Process {os.getpid()} got signal: {sigval}", sigval=sigval)
torch.distributed.elastic.multiprocessing.api.SignalException: Process 49154 got signal: 1
